DEBUG:root:##################2019-01-29 10:31:09.116227###################
DEBUG:root:MQTT started
DEBUG:root:Connected with result code 0
DEBUG:root:hhz/125/9/1/1/0/16 b'1'
DEBUG:root:hhz/125/9/1/1/0/16 b'0'
DEBUG:root:hhz/125/1/1/1/0/16 b'1'
DEBUG:root:Bewegung erkannt...
DEBUG:root:Received reply: b'No Image saved!'
DEBUG:root:hhz/126_2/1/1/1/0/16 b'1'
DEBUG:root:hhz/125/1/1/1/0/16 b'0'
DEBUG:root:Bewegung erkannt...
DEBUG:root:Received reply: b'No Image saved!'
DEBUG:root:hhz/126_2/1/1/1/0/16 b'0'
DEBUG:root:hhz/120/7/1/1/0/23 b'181'
DEBUG:root:hhz/120/1/1/1/0/16 b'1'
DEBUG:root:hhz/120/1/1/1/0/16 b'0'
DEBUG:root:hhz/120/6/1/1/0/0 b'18.0'
DEBUG:root:hhz/120/6/0/1/0/1 b'21.0'
DEBUG:root:hhz/120/1/1/1/0/16 b'1'
DEBUG:root:hhz/120/1/1/1/0/16 b'0'
DEBUG:root:hhz/125/7/1/1/0/23 b'215'
DEBUG:root:hhz/120/1/1/1/0/16 b'1'
DEBUG:root:hhz/125/9/1/1/0/16 b'1'
DEBUG:root:hhz/125/9/1/1/0/16 b'0'
DEBUG:root:hhz/125/1/1/1/0/16 b'1'
DEBUG:root:Bewegung erkannt...
DEBUG:root:Received reply: b'No Image saved!'
DEBUG:root:hhz/120/1/1/1/0/16 b'0'
DEBUG:root:hhz/125/1/1/1/0/16 b'0'
DEBUG:root:Bewegung erkannt...
DEBUG:root:Received reply: b'No Image saved!'
DEBUG:root:hhz/120/1/1/1/0/16 b'1'
DEBUG:root:hhz/120/1/1/1/0/16 b'0'
DEBUG:root:hhz/125/9/1/1/0/16 b'1'
DEBUG:root:hhz/125/1/1/1/0/16 b'1'
DEBUG:root:Bewegung erkannt...
DEBUG:root:Received reply: b'No Image saved!'
DEBUG:root:hhz/125/9/1/1/0/16 b'0'
DEBUG:root:hhz/125/13/1/1/0/16 b'1'
DEBUG:root:hhz/125/1/1/1/0/16 b'0'
DEBUG:root:Bewegung erkannt...
DEBUG:root:Received reply: b'No Image saved!'
DEBUG:root:hhz/120/1/1/1/0/16 b'1'
DEBUG:root:hhz/125/9/1/1/0/16 b'1'
DEBUG:root:hhz/125/13/1/1/0/16 b'0'
DEBUG:root:hhz/125/9/1/1/0/16 b'0'
DEBUG:root:hhz/120/1/1/1/0/16 b'0'
DEBUG:root:hhz/125/9/1/1/0/16 b'1'
DEBUG:root:hhz/125/9/1/1/0/16 b'0'
DEBUG:root:hhz/125/1/1/1/0/16 b'1'
DEBUG:root:Bewegung erkannt...
DEBUG:root:Received reply: b'No Image saved!'
DEBUG:root:##################2019-01-29 10:33:46.106442###################
DEBUG:root:MQTT started
DEBUG:root:Connected with result code 0
DEBUG:root:hhz/125/1/1/1/0/16 b'0'
DEBUG:root:Bewegung erkannt...
DEBUG:root:Received reply: b'No Image saved!'
DEBUG:root:hhz/125/9/1/1/0/16 b'1'
DEBUG:root:hhz/125/1/1/1/0/16 b'1'
DEBUG:root:Bewegung erkannt...
DEBUG:root:Received reply: b'No Image saved!'
DEBUG:root:hhz/125/9/1/1/0/16 b'0'
DEBUG:root:hhz/125/1/1/1/0/16 b'0'
DEBUG:root:Bewegung erkannt...
DEBUG:root:Received reply: b'No Image saved!'
DEBUG:root:hhz/125/9/1/1/0/16 b'1'
DEBUG:root:hhz/125/9/1/1/0/16 b'0'
DEBUG:root:hhz/125/1/1/1/0/16 b'1'
DEBUG:root:Bewegung erkannt...
DEBUG:root:Received reply: b'No Image saved!'
DEBUG:root:hhz/125/1/1/1/0/16 b'0'
DEBUG:root:Bewegung erkannt...
DEBUG:root:Received reply: b'No Image saved!'
DEBUG:root:hhz/126_2/1/1/1/0/16 b'1'
DEBUG:root:hhz/126_2/3/1/1/0/23 b'135'
DEBUG:root:hhz/125/9/1/1/0/16 b'1'
DEBUG:root:hhz/125/1/1/1/0/16 b'1'
DEBUG:root:Bewegung erkannt...
DEBUG:root:Received reply: b'No Image saved!'
DEBUG:root:hhz/125/9/1/1/0/16 b'0'
DEBUG:root:hhz/126_2/1/1/1/0/16 b'0'
DEBUG:root:hhz/125/1/1/1/0/16 b'0'
DEBUG:root:Bewegung erkannt...
DEBUG:root:Received reply: b'No Image saved!'
DEBUG:root:hhz/125/9/1/1/0/16 b'1'
DEBUG:root:hhz/125/9/1/1/0/16 b'0'
DEBUG:root:hhz/125/9/1/1/0/16 b'1'
DEBUG:root:hhz/125/9/1/1/0/16 b'0'
DEBUG:root:hhz/125/1/1/1/0/16 b'1'
DEBUG:root:Bewegung erkannt...
DEBUG:root:Received reply: b'No Image saved!'
DEBUG:root:hhz/125/9/1/1/0/16 b'1'
DEBUG:root:hhz/125/9/1/1/0/16 b'0'
DEBUG:root:hhz/125/13/1/1/0/16 b'1'
DEBUG:root:hhz/125/1/1/1/0/16 b'0'
DEBUG:root:Bewegung erkannt...
DEBUG:root:Received reply: b'No Image saved!'
DEBUG:root:hhz/125/9/1/1/0/16 b'1'
DEBUG:root:hhz/125/13/1/1/0/16 b'0'
DEBUG:root:hhz/125/9/1/1/0/16 b'0'
DEBUG:root:hhz/125/9/1/1/0/16 b'1'
DEBUG:root:hhz/125/1/1/1/0/16 b'1'
DEBUG:root:Bewegung erkannt...
DEBUG:root:Received reply: b'No Image saved!'
DEBUG:root:hhz/125/9/1/1/0/16 b'0'
DEBUG:root:hhz/120/13/1/1/0/16 b'0'
DEBUG:root:hhz/125/13/1/1/0/16 b'1'
DEBUG:root:hhz/125/1/1/1/0/16 b'0'
DEBUG:root:Bewegung erkannt...
DEBUG:root:Received reply: b'No Image saved!'
DEBUG:root:hhz/125/9/1/1/0/16 b'1'
DEBUG:root:hhz/126_2/1/1/1/0/16 b'1'
DEBUG:root:hhz/125/9/1/1/0/16 b'0'
DEBUG:root:hhz/125/13/1/1/0/16 b'0'
DEBUG:root:hhz/126_2/1/1/1/0/16 b'0'
DEBUG:root:hhz/125/9/1/1/0/16 b'1'
DEBUG:root:hhz/125/9/1/1/0/16 b'0'
DEBUG:root:hhz/125/1/1/1/0/16 b'1'
DEBUG:root:Bewegung erkannt...
DEBUG:root:Received reply: b'No Image saved!'
DEBUG:root:hhz/126_2/5/1/1/0/16 b'0'
DEBUG:root:hhz/125/9/1/1/0/16 b'1'
DEBUG:root:hhz/125/1/1/1/0/16 b'0'
DEBUG:root:Bewegung erkannt...
DEBUG:root:Received reply: b'No Image saved!'
DEBUG:root:hhz/125/13/1/1/0/16 b'1'
DEBUG:root:hhz/125/9/1/1/0/16 b'0'
DEBUG:root:hhz/125/13/1/1/0/16 b'0'
DEBUG:root:hhz/125/13/1/1/0/16 b'1'
DEBUG:root:hhz/125/13/1/1/0/16 b'0'
DEBUG:root:hhz/126_2/1/1/1/0/16 b'1'
DEBUG:root:hhz/126_2/1/1/1/0/16 b'0'
DEBUG:root:hhz/125/9/1/1/0/16 b'1'
DEBUG:root:hhz/125/9/1/1/0/16 b'0'
DEBUG:root:hhz/126_2/1/1/1/0/16 b'1'
DEBUG:root:hhz/125/13/1/1/0/16 b'1'
DEBUG:root:hhz/126_2/1/1/1/0/16 b'0'
DEBUG:root:hhz/125/6/1/1/0/0 b'21.0'
DEBUG:root:hhz/125/6/0/1/0/1 b'20.0'
DEBUG:root:hhz/125/9/1/1/0/16 b'1'
DEBUG:root:hhz/125/13/1/1/0/16 b'0'
DEBUG:root:hhz/125/9/1/1/0/16 b'0'
DEBUG:root:hhz/125/9/1/1/0/16 b'1'
DEBUG:root:hhz/125/9/1/1/0/16 b'0'
DEBUG:root:hhz/125/1/1/1/0/16 b'1'
DEBUG:root:Bewegung erkannt...
DEBUG:root:Received reply: b'No Image saved!'
DEBUG:root:hhz/126_2/1/1/1/0/16 b'1'
DEBUG:root:hhz/125/1/1/1/0/16 b'0'
DEBUG:root:Bewegung erkannt...
DEBUG:root:Received reply: b'No Image saved!'
DEBUG:root:hhz/125/13/1/1/0/16 b'1'
DEBUG:root:hhz/125/9/1/1/0/16 b'1'
DEBUG:root:hhz/126_2/1/1/1/0/16 b'0'
DEBUG:root:hhz/125/9/1/1/0/16 b'0'
DEBUG:root:hhz/125/13/1/1/0/16 b'0'
DEBUG:root:hhz/126_2/1/1/1/0/16 b'1'
DEBUG:root:hhz/125/1/1/1/0/16 b'1'
DEBUG:root:Bewegung erkannt...
DEBUG:root:Received reply: b'No Image saved!'
DEBUG:root:hhz/125/13/1/1/0/16 b'1'
DEBUG:root:hhz/125/9/1/1/0/16 b'1'
DEBUG:root:hhz/126_2/1/1/1/0/16 b'0'
DEBUG:root:hhz/125/1/1/1/0/16 b'0'
DEBUG:root:Bewegung erkannt...
DEBUG:root:Received reply: b'No Image saved!'
DEBUG:root:hhz/125/9/1/1/0/16 b'0'
DEBUG:root:hhz/125/13/1/1/0/16 b'0'
DEBUG:root:hhz/125/9/1/1/0/16 b'1'
DEBUG:root:hhz/125/9/1/1/0/16 b'0'
DEBUG:root:hhz/126_2/1/1/1/0/16 b'1'
DEBUG:root:hhz/125/9/1/1/0/16 b'1'
DEBUG:root:hhz/125/1/1/1/0/16 b'1'
DEBUG:root:Bewegung erkannt...
DEBUG:root:Received reply: b'No Image saved!'
DEBUG:root:hhz/125/13/1/1/0/16 b'1'
DEBUG:root:hhz/125/9/1/1/0/16 b'0'
DEBUG:root:hhz/126_2/1/1/1/0/16 b'0'
DEBUG:root:hhz/125/1/1/1/0/16 b'0'
DEBUG:root:Bewegung erkannt...
DEBUG:root:Received reply: b'No Image saved!'
DEBUG:root:hhz/125/13/1/1/0/16 b'0'
DEBUG:root:hhz/125/9/1/1/0/16 b'1'
DEBUG:root:hhz/125/9/1/1/0/16 b'0'
DEBUG:root:hhz/125/1/1/1/0/16 b'1'
DEBUG:root:Bewegung erkannt...
DEBUG:root:Received reply: b'No Image saved!'
DEBUG:root:hhz/125/13/1/1/0/16 b'1'
DEBUG:root:hhz/125/9/1/1/0/16 b'1'
DEBUG:root:hhz/125/1/1/1/0/16 b'0'
DEBUG:root:Bewegung erkannt...
DEBUG:root:Received reply: b'No Image saved!'
DEBUG:root:hhz/125/13/1/1/0/16 b'0'
DEBUG:root:hhz/125/9/1/1/0/16 b'0'
DEBUG:root:hhz/125/9/1/1/0/16 b'1'
DEBUG:root:hhz/125/9/1/1/0/16 b'0'
DEBUG:root:hhz/125/13/1/1/0/16 b'1'
DEBUG:root:hhz/125/1/1/1/0/16 b'1'
DEBUG:root:Bewegung erkannt...
DEBUG:root:Received reply: b'No Image saved!'
DEBUG:root:hhz/125/13/1/1/0/16 b'0'
DEBUG:root:hhz/125/1/1/1/0/16 b'0'
DEBUG:root:Bewegung erkannt...
DEBUG:root:Received reply: b'No Image saved!'
DEBUG:root:hhz/125/9/1/1/0/16 b'1'
DEBUG:root:hhz/125/9/1/1/0/16 b'0'
DEBUG:root:hhz/125/9/1/1/0/16 b'1'
DEBUG:root:hhz/125/9/1/1/0/16 b'0'
DEBUG:root:hhz/125/13/1/1/0/16 b'1'
DEBUG:root:hhz/125/9/1/1/0/16 b'1'
DEBUG:root:hhz/125/9/1/1/0/16 b'0'
DEBUG:root:hhz/125/1/1/1/0/16 b'1'
DEBUG:root:Bewegung erkannt...
DEBUG:root:Received reply: b'No Image saved!'
DEBUG:root:Connected with result code 0
DEBUG:root:hhz/125/9/1/1/0/16 b'1'
DEBUG:root:hhz/125/1/1/1/0/16 b'0'
DEBUG:root:Bewegung erkannt...
DEBUG:root:Received reply: b'No Image saved!'
DEBUG:root:hhz/125/9/1/1/0/16 b'0'
DEBUG:root:hhz/125/9/1/1/0/16 b'1'
DEBUG:root:hhz/125/9/1/1/0/16 b'0'
DEBUG:root:hhz/125/9/1/1/0/16 b'1'
DEBUG:root:hhz/125/9/1/1/0/16 b'0'
DEBUG:root:hhz/125/9/1/1/0/16 b'1'
DEBUG:root:hhz/125/9/1/1/0/16 b'0'
DEBUG:root:hhz/125/9/1/1/0/16 b'1'
DEBUG:root:hhz/125/9/1/1/0/16 b'0'
DEBUG:root:hhz/126_2/2/1/1/0/0 b'20.0'
DEBUG:root:hhz/126_2/2/0/1/0/1 b'27.0'
DEBUG:root:hhz/126_2/1/1/1/0/16 b'1'
DEBUG:root:hhz/126_2/1/1/1/0/16 b'0'
DEBUG:root:hhz/125/9/1/1/0/16 b'1'
DEBUG:root:hhz/125/1/1/1/0/16 b'1'
DEBUG:root:Bewegung erkannt...
DEBUG:root:Received reply: b'No Image saved!'
DEBUG:root:hhz/125/9/1/1/0/16 b'0'
DEBUG:root:hhz/126_2/1/1/1/0/16 b'1'
DEBUG:root:hhz/125/1/1/1/0/16 b'0'
DEBUG:root:Bewegung erkannt...
DEBUG:root:Received reply: b'No Image saved!'
DEBUG:root:hhz/125/9/1/1/0/16 b'1'
DEBUG:root:hhz/125/9/1/1/0/16 b'0'
DEBUG:root:hhz/126_2/1/1/1/0/16 b'0'
DEBUG:root:hhz/125/13/1/1/0/16 b'1'
DEBUG:root:hhz/125/9/1/1/0/16 b'1'
DEBUG:root:hhz/125/5/1/1/0/16 b'0'
DEBUG:root:hhz/125/9/1/1/0/16 b'0'
DEBUG:root:hhz/125/13/1/1/0/16 b'0'
DEBUG:root:hhz/125/1/1/1/0/16 b'1'
DEBUG:root:Bewegung erkannt...
DEBUG:root:Received reply: b'No Image saved!'
DEBUG:root:hhz/125/9/1/1/0/16 b'1'
DEBUG:root:hhz/125/9/1/1/0/16 b'0'
DEBUG:root:hhz/125/1/1/1/0/16 b'0'
DEBUG:root:Bewegung erkannt...
DEBUG:root:Received reply: b'No Image saved!'
DEBUG:root:hhz/125/9/1/1/0/16 b'1'
DEBUG:root:hhz/125/9/1/1/0/16 b'0'
DEBUG:root:hhz/126_2/4/1/1/0/1 b'569'
DEBUG:root:hhz/120/4/1/1/0/1 b'481'
DEBUG:root:hhz/125/4/1/1/0/1 b'752'
DEBUG:root:hhz/125/2/1/1/0/0 b'17.0'
DEBUG:root:hhz/125/2/0/1/0/1 b'20.0'
DEBUG:root:hhz/125/9/1/1/0/16 b'1'
DEBUG:root:hhz/125/9/1/1/0/16 b'0'
DEBUG:root:hhz/125/9/1/1/0/16 b'1'
DEBUG:root:hhz/125/9/1/1/0/16 b'0'
DEBUG:root:hhz/125/9/1/1/0/16 b'1'
DEBUG:root:hhz/125/9/1/1/0/16 b'0'
DEBUG:root:hhz/125/1/1/1/0/16 b'1'
DEBUG:root:Bewegung erkannt...
DEBUG:root:Received reply: b'Recording turned off!'
DEBUG:root:hhz/125/1/1/1/0/16 b'0'
DEBUG:root:Bewegung erkannt...
DEBUG:root:Received reply: b'Recording turned off!'
DEBUG:root:hhz/125/9/1/1/0/16 b'1'
DEBUG:root:hhz/125/9/1/1/0/16 b'0'
DEBUG:root:hhz/125/9/1/1/0/16 b'1'
DEBUG:root:hhz/125/9/1/1/0/16 b'0'
DEBUG:root:hhz/125/1/1/1/0/16 b'1'
DEBUG:root:Bewegung erkannt...
DEBUG:root:Received reply: b'Recording turned off!'
DEBUG:root:hhz/125/9/1/1/0/16 b'1'
DEBUG:root:hhz/125/9/1/1/0/16 b'0'
DEBUG:root:hhz/125/1/1/1/0/16 b'0'
DEBUG:root:Bewegung erkannt...
DEBUG:root:Received reply: b'Recording turned off!'
DEBUG:root:hhz/125/9/1/1/0/16 b'1'
DEBUG:root:hhz/125/9/1/1/0/16 b'0'
DEBUG:root:hhz/120/6/1/1/0/0 b'18.0'
DEBUG:root:hhz/120/6/0/1/0/1 b'21.0'
DEBUG:root:hhz/125/1/1/1/0/16 b'1'
DEBUG:root:Bewegung erkannt...
DEBUG:root:Received reply: b'No Image saved!'
DEBUG:root:hhz/125/9/1/1/0/16 b'1'
DEBUG:root:hhz/125/9/1/1/0/16 b'0'
DEBUG:root:hhz/125/1/1/1/0/16 b'0'
DEBUG:root:Bewegung erkannt...
DEBUG:root:Received reply: b'No Image saved!'
DEBUG:root:hhz/125/9/1/1/0/16 b'1'
DEBUG:root:hhz/125/9/1/1/0/16 b'0'
DEBUG:root:hhz/120/7/1/1/0/23 b'271'
DEBUG:root:hhz/125/1/1/1/0/16 b'1'
DEBUG:root:Bewegung erkannt...
DEBUG:root:Received reply: b'No Image saved!'
DEBUG:root:hhz/125/1/1/1/0/16 b'0'
DEBUG:root:Bewegung erkannt...
DEBUG:root:Received reply: b'No Image saved!'
DEBUG:root:hhz/120/1/1/1/0/16 b'0'
DEBUG:root:hhz/120/1/1/1/0/16 b'1'
DEBUG:root:hhz/120/1/1/1/0/16 b'0'
DEBUG:root:hhz/125/1/1/1/0/16 b'1'
DEBUG:root:Bewegung erkannt...
DEBUG:root:Received reply: b'No Image saved!'
DEBUG:root:hhz/125/9/1/1/0/16 b'1'
DEBUG:root:hhz/125/9/1/1/0/16 b'0'
DEBUG:root:hhz/125/1/1/1/0/16 b'0'
DEBUG:root:Bewegung erkannt...
DEBUG:root:Received reply: b'No Image saved!'
DEBUG:root:hhz/125/9/1/1/0/16 b'1'
DEBUG:root:hhz/125/7/1/1/0/23 b'233'
DEBUG:root:hhz/125/9/1/1/0/16 b'0'
DEBUG:root:hhz/125/9/1/1/0/16 b'1'
DEBUG:root:hhz/125/9/1/1/0/16 b'0'
DEBUG:root:hhz/125/9/1/1/0/16 b'1'
DEBUG:root:hhz/125/9/1/1/0/16 b'0'
DEBUG:root:hhz/125/1/1/1/0/16 b'1'
DEBUG:root:Bewegung erkannt...
DEBUG:root:Received reply: b'No Image saved!'
DEBUG:root:hhz/125/9/1/1/0/16 b'1'
DEBUG:root:hhz/125/9/1/1/0/16 b'0'
DEBUG:root:hhz/125/1/1/1/0/16 b'0'
DEBUG:root:Bewegung erkannt...
DEBUG:root:Received reply: b'No Image saved!'
DEBUG:root:hhz/125/9/1/1/0/16 b'1'
DEBUG:root:hhz/125/9/1/1/0/16 b'0'
DEBUG:root:hhz/125/9/1/1/0/16 b'1'
DEBUG:root:hhz/125/1/1/1/0/16 b'1'
DEBUG:root:Bewegung erkannt...
DEBUG:root:Received reply: b'No Image saved!'
DEBUG:root:hhz/125/9/1/1/0/16 b'0'
DEBUG:root:hhz/125/1/1/1/0/16 b'0'
DEBUG:root:Bewegung erkannt...
DEBUG:root:Received reply: b'No Image saved!'
DEBUG:root:hhz/125/1/1/1/0/16 b'1'
DEBUG:root:Bewegung erkannt...
DEBUG:root:Received reply: b'No Image saved!'
DEBUG:root:hhz/125/9/1/1/0/16 b'1'
DEBUG:root:hhz/125/9/1/1/0/16 b'0'
DEBUG:root:hhz/125/1/1/1/0/16 b'0'
DEBUG:root:Bewegung erkannt...
DEBUG:root:Received reply: b'No Image saved!'
DEBUG:root:hhz/125/9/1/1/0/16 b'1'
DEBUG:root:hhz/125/9/1/1/0/16 b'0'
DEBUG:root:hhz/125/1/1/1/0/16 b'1'
DEBUG:root:Bewegung erkannt...
DEBUG:root:Received reply: b'No Image saved!'
DEBUG:root:hhz/125/9/1/1/0/16 b'1'
DEBUG:root:hhz/125/9/1/1/0/16 b'0'
DEBUG:root:hhz/125/1/1/1/0/16 b'0'
DEBUG:root:Bewegung erkannt...
DEBUG:root:Received reply: b'No Image saved!'
DEBUG:root:hhz/125/9/1/1/0/16 b'1'
DEBUG:root:hhz/125/9/1/1/0/16 b'0'
DEBUG:root:hhz/125/13/1/1/0/16 b'1'
DEBUG:root:hhz/125/9/1/1/0/16 b'1'
DEBUG:root:hhz/125/1/1/1/0/16 b'1'
DEBUG:root:Bewegung erkannt...
DEBUG:root:Received reply: b'No Image saved!'
DEBUG:root:hhz/125/13/1/1/0/16 b'0'
DEBUG:root:hhz/125/9/1/1/0/16 b'0'
DEBUG:root:hhz/125/1/1/1/0/16 b'0'
DEBUG:root:Bewegung erkannt...
DEBUG:root:Received reply: b'No Image saved!'
DEBUG:root:hhz/125/9/1/1/0/16 b'1'
DEBUG:root:hhz/125/9/1/1/0/16 b'0'
DEBUG:root:hhz/125/13/1/1/0/16 b'1'
DEBUG:root:hhz/125/9/1/1/0/16 b'1'
DEBUG:root:hhz/125/1/1/1/0/16 b'1'
DEBUG:root:Bewegung erkannt...
DEBUG:root:Received reply: b'No Image saved!'
DEBUG:root:hhz/125/9/1/1/0/16 b'0'
DEBUG:root:hhz/125/13/1/1/0/16 b'0'
DEBUG:root:hhz/125/1/1/1/0/16 b'0'
DEBUG:root:Bewegung erkannt...
DEBUG:root:Received reply: b'No Image saved!'
DEBUG:root:hhz/125/9/1/1/0/16 b'1'
DEBUG:root:hhz/125/9/1/1/0/16 b'0'
DEBUG:root:hhz/125/13/1/1/0/16 b'1'
DEBUG:root:hhz/125/1/1/1/0/16 b'1'
DEBUG:root:Bewegung erkannt...
DEBUG:root:Received reply: b'No Image saved!'
DEBUG:root:hhz/125/9/1/1/0/16 b'1'
DEBUG:root:hhz/125/9/1/1/0/16 b'0'
DEBUG:root:hhz/125/13/1/1/0/16 b'0'
DEBUG:root:hhz/125/1/1/1/0/16 b'0'
DEBUG:root:Bewegung erkannt...
DEBUG:root:Received reply: b'No Image saved!'
DEBUG:root:hhz/125/5/1/1/0/16 b'1'
DEBUG:root:hhz/125/13/1/1/0/16 b'1'
DEBUG:root:hhz/125/9/1/1/0/16 b'1'
DEBUG:root:hhz/125/5/1/1/0/16 b'0'
DEBUG:root:hhz/120/9/1/1/0/16 b'0'
DEBUG:root:hhz/125/1/1/1/0/16 b'1'
DEBUG:root:Bewegung erkannt...
DEBUG:root:Received reply: b'No Image saved!'
DEBUG:root:hhz/125/9/1/1/0/16 b'0'
DEBUG:root:hhz/125/13/1/1/0/16 b'0'
DEBUG:root:hhz/125/1/1/1/0/16 b'0'
DEBUG:root:Bewegung erkannt...
DEBUG:root:Received reply: b'No Image saved!'
DEBUG:root:hhz/125/9/1/1/0/16 b'1'
DEBUG:root:hhz/125/9/1/1/0/16 b'0'
DEBUG:root:hhz/125/13/1/1/0/16 b'1'
DEBUG:root:hhz/125/1/1/1/0/16 b'1'
DEBUG:root:Bewegung erkannt...
DEBUG:root:Received reply: b'No Image saved!'
DEBUG:root:Connected with result code 0
DEBUG:root:hhz/120/13/1/1/0/16 b'0'
DEBUG:root:hhz/125/5/1/1/0/16 b'0'
DEBUG:root:hhz/125/9/1/1/0/16 b'0'
DEBUG:root:hhz/125/1/1/1/0/16 b'0'
DEBUG:root:Bewegung erkannt...
DEBUG:root:Received reply: b'No Image saved!'
DEBUG:root:hhz/125/13/1/1/0/16 b'0'
DEBUG:root:hhz/125/13/1/1/0/16 b'1'
DEBUG:root:hhz/125/1/1/1/0/16 b'1'
DEBUG:root:Bewegung erkannt...
DEBUG:root:Received reply: b'No Image saved!'
DEBUG:root:hhz/125/13/1/1/0/16 b'0'
DEBUG:root:hhz/125/1/1/1/0/16 b'0'
DEBUG:root:Bewegung erkannt...
DEBUG:root:Received reply: b'No Image saved!'
DEBUG:root:hhz/125/13/1/1/0/16 b'1'
DEBUG:root:hhz/125/9/1/1/0/16 b'1'
DEBUG:root:hhz/125/1/1/1/0/16 b'1'
DEBUG:root:Bewegung erkannt...
DEBUG:root:Received reply: b'No Image saved!'
DEBUG:root:hhz/125/13/1/1/0/16 b'0'
DEBUG:root:hhz/125/9/1/1/0/16 b'0'
DEBUG:root:hhz/125/1/1/1/0/16 b'0'
DEBUG:root:Bewegung erkannt...
DEBUG:root:Received reply: b'No Image saved!'
DEBUG:root:hhz/125/1/1/1/0/16 b'1'
DEBUG:root:Bewegung erkannt...
DEBUG:root:Received reply: b'No Image saved!'
DEBUG:root:hhz/125/1/1/1/0/16 b'0'
DEBUG:root:Bewegung erkannt...
DEBUG:root:Received reply: b'No Image saved!'
DEBUG:root:hhz/125/6/1/1/0/0 b'21.0'
DEBUG:root:hhz/125/6/0/1/0/1 b'20.0'
DEBUG:root:hhz/125/1/1/1/0/16 b'1'
DEBUG:root:Bewegung erkannt...
DEBUG:root:Received reply: b'No Image saved!'
DEBUG:root:hhz/125/13/1/1/0/16 b'1'
DEBUG:root:hhz/125/1/1/1/0/16 b'0'
DEBUG:root:Bewegung erkannt...
DEBUG:root:Received reply: b'No Image saved!'
DEBUG:root:hhz/125/13/1/1/0/16 b'0'
DEBUG:root:hhz/125/1/1/1/0/16 b'1'
DEBUG:root:Bewegung erkannt...
DEBUG:root:Received reply: b'No Image saved!'
DEBUG:root:hhz/125/1/1/1/0/16 b'0'
DEBUG:root:Bewegung erkannt...
DEBUG:root:Received reply: b'No Image saved!'
DEBUG:root:hhz/125/5/1/1/0/16 b'1'
DEBUG:root:hhz/125/3/1/1/0/23 b'2405'
DEBUG:root:hhz/125/5/1/1/0/16 b'0'
DEBUG:root:hhz/125/1/1/1/0/16 b'1'
DEBUG:root:Bewegung erkannt...
DEBUG:root:Received reply: b'No Image saved!'
DEBUG:root:hhz/125/5/1/1/0/16 b'1'
DEBUG:root:hhz/125/1/1/1/0/16 b'0'
DEBUG:root:Bewegung erkannt...
DEBUG:root:Received reply: b'No Image saved!'
DEBUG:root:hhz/125/5/1/1/0/16 b'0'
DEBUG:root:hhz/125/5/1/1/0/16 b'1'
DEBUG:root:hhz/125/1/1/1/0/16 b'1'
DEBUG:root:Bewegung erkannt...
DEBUG:root:Received reply: b'No Image saved!'
DEBUG:root:hhz/125/9/1/1/0/16 b'1'
DEBUG:root:hhz/125/5/1/1/0/16 b'0'
DEBUG:root:hhz/125/1/1/1/0/16 b'0'
DEBUG:root:Bewegung erkannt...
DEBUG:root:Received reply: b'No Image saved!'
DEBUG:root:hhz/125/9/1/1/0/16 b'0'
DEBUG:root:hhz/125/9/1/1/0/16 b'1'
DEBUG:root:hhz/125/9/1/1/0/16 b'0'
DEBUG:root:hhz/125/1/1/1/0/16 b'1'
DEBUG:root:Bewegung erkannt...
DEBUG:root:Received reply: b'No Image saved!'
DEBUG:root:hhz/125/9/1/1/0/16 b'1'
DEBUG:root:hhz/125/9/1/1/0/16 b'0'
DEBUG:root:hhz/125/1/1/1/0/16 b'0'
DEBUG:root:Bewegung erkannt...
DEBUG:root:Received reply: b'No Image saved!'
DEBUG:root:hhz/125/9/1/1/0/16 b'1'
DEBUG:root:hhz/125/9/1/1/0/16 b'0'
DEBUG:root:hhz/125/9/1/1/0/16 b'1'
DEBUG:root:hhz/125/1/1/1/0/16 b'1'
DEBUG:root:Bewegung erkannt...
DEBUG:root:Received reply: b'No Image saved!'
DEBUG:root:hhz/125/9/1/1/0/16 b'0'
DEBUG:root:hhz/125/1/1/1/0/16 b'0'
DEBUG:root:Bewegung erkannt...
DEBUG:root:Received reply: b'No Image saved!'
DEBUG:root:Connected with result code 0
DEBUG:root:hhz/125/9/1/1/0/16 b'0'
DEBUG:root:hhz/125/5/1/1/0/16 b'1'
DEBUG:root:hhz/125/5/1/1/0/16 b'0'
DEBUG:root:hhz/125/1/1/1/0/16 b'1'
DEBUG:root:Bewegung erkannt...
DEBUG:root:Received reply: b'No Image saved!'
DEBUG:root:hhz/125/13/1/1/0/16 b'1'
DEBUG:root:hhz/125/1/1/1/0/16 b'0'
DEBUG:root:Bewegung erkannt...
DEBUG:root:Received reply: b'No Image saved!'
DEBUG:root:hhz/125/13/1/1/0/16 b'0'
DEBUG:root:hhz/125/5/1/1/0/16 b'1'
DEBUG:root:hhz/125/5/1/1/0/16 b'0'
DEBUG:root:hhz/125/13/1/1/0/16 b'1'
DEBUG:root:hhz/125/1/1/1/0/16 b'1'
DEBUG:root:Bewegung erkannt...
DEBUG:root:Received reply: b'No Image saved!'
DEBUG:root:hhz/125/13/1/1/0/16 b'0'
DEBUG:root:hhz/125/1/1/1/0/16 b'0'
DEBUG:root:Bewegung erkannt...
DEBUG:root:Received reply: b'No Image saved!'
DEBUG:root:hhz/126_2/1/1/1/0/16 b'0'
DEBUG:root:hhz/125/13/1/1/0/16 b'1'
DEBUG:root:hhz/125/13/1/1/0/16 b'0'
DEBUG:root:hhz/125/13/1/1/0/16 b'1'
DEBUG:root:hhz/125/1/1/1/0/16 b'1'
DEBUG:root:Bewegung erkannt...
DEBUG:root:Received reply: b'No Image saved!'
DEBUG:root:hhz/125/13/1/1/0/16 b'0'
DEBUG:root:hhz/125/1/1/1/0/16 b'0'
DEBUG:root:Bewegung erkannt...
DEBUG:root:Received reply: b'No Image saved!'
DEBUG:root:hhz/125/5/1/1/0/16 b'1'
DEBUG:root:hhz/125/5/1/1/0/16 b'0'
DEBUG:root:hhz/126_2/4/1/1/0/1 b'545'
DEBUG:root:hhz/120/4/1/1/0/1 b'482'
DEBUG:root:hhz/125/1/1/1/0/16 b'1'
DEBUG:root:Bewegung erkannt...
DEBUG:root:Received reply: b'No Image saved!'
DEBUG:root:hhz/125/4/1/1/0/1 b'788'
DEBUG:root:hhz/125/13/1/1/0/16 b'1'
DEBUG:root:hhz/125/1/1/1/0/16 b'0'
DEBUG:root:Bewegung erkannt...
DEBUG:root:Received reply: b'No Image saved!'
DEBUG:root:hhz/125/13/1/1/0/16 b'0'
DEBUG:root:hhz/126_2/2/1/1/0/0 b'20.0'
DEBUG:root:hhz/126_2/2/0/1/0/1 b'27.0'
DEBUG:root:hhz/125/9/1/1/0/16 b'1'
DEBUG:root:hhz/125/9/1/1/0/16 b'0'
DEBUG:root:hhz/125/1/1/1/0/16 b'1'
DEBUG:root:Bewegung erkannt...
DEBUG:root:Received reply: b'No Image saved!'
DEBUG:root:hhz/125/13/1/1/0/16 b'1'
DEBUG:root:hhz/125/1/1/1/0/16 b'0'
DEBUG:root:Bewegung erkannt...
DEBUG:root:Received reply: b'No Image saved!'
DEBUG:root:hhz/125/13/1/1/0/16 b'0'
DEBUG:root:hhz/125/1/1/1/0/16 b'1'
DEBUG:root:Bewegung erkannt...
DEBUG:root:Received reply: b'No Image saved!'
DEBUG:root:hhz/125/13/1/1/0/16 b'1'
DEBUG:root:hhz/125/1/1/1/0/16 b'0'
DEBUG:root:Bewegung erkannt...
DEBUG:root:Received reply: b'No Image saved!'
DEBUG:root:Connected with result code 0
DEBUG:root:hhz/125/9/1/1/0/16 b'1'
DEBUG:root:hhz/125/9/1/1/0/16 b'0'
DEBUG:root:hhz/125/9/1/1/0/16 b'1'
DEBUG:root:hhz/125/13/1/1/0/16 b'1'
DEBUG:root:hhz/125/9/1/1/0/16 b'0'
DEBUG:root:hhz/125/1/1/1/0/16 b'1'
DEBUG:root:Bewegung erkannt...
DEBUG:root:Received reply: b'No Image saved!'
DEBUG:root:hhz/125/13/1/1/0/16 b'0'
DEBUG:root:hhz/125/1/1/1/0/16 b'0'
DEBUG:root:Bewegung erkannt...
DEBUG:root:Received reply: b'No Image saved!'
DEBUG:root:hhz/125/13/1/1/0/16 b'1'
DEBUG:root:hhz/125/13/1/1/0/16 b'0'
DEBUG:root:hhz/125/1/1/1/0/16 b'1'
DEBUG:root:Bewegung erkannt...
DEBUG:root:Received reply: b'No Image saved!'
DEBUG:root:hhz/125/1/1/1/0/16 b'0'
DEBUG:root:Bewegung erkannt...
DEBUG:root:Received reply: b'No Image saved!'
DEBUG:root:hhz/125/13/1/1/0/16 b'1'
DEBUG:root:hhz/125/1/1/1/0/16 b'1'
DEBUG:root:Bewegung erkannt...
DEBUG:root:Received reply: b'No Image saved!'
DEBUG:root:hhz/125/9/1/1/0/16 b'1'
DEBUG:root:hhz/125/13/1/1/0/16 b'0'
DEBUG:root:hhz/125/9/1/1/0/16 b'0'
DEBUG:root:hhz/125/1/1/1/0/16 b'0'
DEBUG:root:Bewegung erkannt...
DEBUG:root:Received reply: b'No Image saved!'
DEBUG:root:hhz/125/13/1/1/0/16 b'1'
DEBUG:root:hhz/125/9/1/1/0/16 b'1'
DEBUG:root:hhz/125/9/1/1/0/16 b'0'
DEBUG:root:hhz/125/13/1/1/0/16 b'0'
DEBUG:root:hhz/125/9/1/1/0/16 b'1'
DEBUG:root:hhz/120/1/1/1/0/16 b'0'
DEBUG:root:hhz/125/1/1/1/0/16 b'1'
DEBUG:root:Bewegung erkannt...
DEBUG:root:Received reply: b'No Image saved!'
DEBUG:root:hhz/125/9/1/1/0/16 b'0'
DEBUG:root:hhz/125/1/1/1/0/16 b'0'
DEBUG:root:Bewegung erkannt...
DEBUG:root:Received reply: b'No Image saved!'
DEBUG:root:hhz/125/9/1/1/0/16 b'1'
DEBUG:root:hhz/125/13/1/1/0/16 b'1'
DEBUG:root:hhz/125/9/1/1/0/16 b'0'
DEBUG:root:hhz/125/13/1/1/0/16 b'0'
DEBUG:root:hhz/125/1/1/1/0/16 b'1'
DEBUG:root:Bewegung erkannt...
DEBUG:root:Received reply: b'No Image saved!'
DEBUG:root:hhz/125/1/1/1/0/16 b'0'
DEBUG:root:Bewegung erkannt...
DEBUG:root:Received reply: b'No Image saved!'
DEBUG:root:hhz/125/5/1/1/0/16 b'1'
DEBUG:root:hhz/125/5/1/1/0/16 b'0'
DEBUG:root:hhz/125/1/1/1/0/16 b'1'
DEBUG:root:Bewegung erkannt...
DEBUG:root:Received reply: b'No Image saved!'
DEBUG:root:hhz/120/6/1/1/0/0 b'19.0'
DEBUG:root:hhz/125/1/1/1/0/16 b'0'
DEBUG:root:Bewegung erkannt...
DEBUG:root:Received reply: b'No Image saved!'
DEBUG:root:Connected with result code 0
DEBUG:root:hhz/125/9/1/1/0/16 b'1'
DEBUG:root:hhz/125/9/1/1/0/16 b'0'
DEBUG:root:hhz/125/1/1/1/0/16 b'1'
DEBUG:root:Bewegung erkannt...
DEBUG:root:Received reply: b'No Image saved!'
DEBUG:root:hhz/125/13/1/1/0/16 b'1'
DEBUG:root:hhz/125/9/1/1/0/16 b'1'
DEBUG:root:hhz/125/1/1/1/0/16 b'0'
DEBUG:root:Bewegung erkannt...
DEBUG:root:Received reply: b'Recording turned off!'
DEBUG:root:hhz/125/9/1/1/0/16 b'0'
DEBUG:root:hhz/125/13/1/1/0/16 b'0'
DEBUG:root:hhz/125/9/1/1/0/16 b'1'
DEBUG:root:hhz/126_2/1/1/1/0/16 b'1'
DEBUG:root:hhz/125/9/1/1/0/16 b'0'
DEBUG:root:hhz/126_2/1/1/1/0/16 b'0'
DEBUG:root:hhz/125/13/1/1/0/16 b'1'
DEBUG:root:hhz/125/13/1/1/0/16 b'0'
DEBUG:root:hhz/125/9/1/1/0/16 b'1'
DEBUG:root:hhz/125/1/1/1/0/16 b'1'
DEBUG:root:Bewegung erkannt...
DEBUG:root:Received reply: b'Recording turned off!'
DEBUG:root:hhz/125/9/1/1/0/16 b'0'
DEBUG:root:hhz/125/5/1/1/0/16 b'1'
DEBUG:root:hhz/125/1/1/1/0/16 b'0'
DEBUG:root:Bewegung erkannt...
DEBUG:root:Received reply: b'Recording turned off!'
DEBUG:root:hhz/125/5/1/1/0/16 b'0'
DEBUG:root:hhz/125/9/1/1/0/16 b'1'
DEBUG:root:hhz/125/9/1/1/0/16 b'0'
DEBUG:root:hhz/125/9/1/1/0/16 b'1'
DEBUG:root:hhz/125/1/1/1/0/16 b'1'
DEBUG:root:Bewegung erkannt...
DEBUG:root:Received reply: b'Recording turned off!'
DEBUG:root:hhz/125/9/1/1/0/16 b'0'
DEBUG:root:hhz/125/1/1/1/0/16 b'0'
DEBUG:root:Bewegung erkannt...
DEBUG:root:Received reply: b'Recording turned off!'
DEBUG:root:hhz/120/1/1/1/0/16 b'1'
DEBUG:root:hhz/125/5/1/1/0/16 b'1'
DEBUG:root:hhz/120/1/1/1/0/16 b'0'
DEBUG:root:hhz/125/5/1/1/0/16 b'0'
DEBUG:root:hhz/125/1/1/1/0/16 b'1'
DEBUG:root:Bewegung erkannt...
DEBUG:root:Received reply: b'Recording turned off!'
DEBUG:root:hhz/125/1/1/1/0/16 b'0'
DEBUG:root:Bewegung erkannt...
DEBUG:root:Received reply: b'Recording turned off!'
DEBUG:root:hhz/125/9/1/1/0/16 b'1'
DEBUG:root:hhz/125/9/1/1/0/16 b'0'
DEBUG:root:hhz/125/13/1/1/0/16 b'1'
DEBUG:root:hhz/125/9/1/1/0/16 b'1'
DEBUG:root:hhz/125/9/1/1/0/16 b'0'
DEBUG:root:hhz/125/1/1/1/0/16 b'1'
DEBUG:root:Bewegung erkannt...
DEBUG:root:Received reply: b'Recording turned off!'
DEBUG:root:hhz/125/13/1/1/0/16 b'0'
DEBUG:root:hhz/125/9/1/1/0/16 b'1'
DEBUG:root:hhz/125/1/1/1/0/16 b'0'
DEBUG:root:Bewegung erkannt...
DEBUG:root:Received reply: b'Recording turned off!'
DEBUG:root:hhz/125/9/1/1/0/16 b'0'
DEBUG:root:hhz/125/5/1/1/0/16 b'1'
DEBUG:root:hhz/125/13/1/1/0/16 b'1'
DEBUG:root:hhz/125/5/1/1/0/16 b'0'
DEBUG:root:hhz/125/9/1/1/0/16 b'1'
DEBUG:root:hhz/125/9/1/1/0/16 b'0'
DEBUG:root:hhz/125/1/1/1/0/16 b'1'
DEBUG:root:Bewegung erkannt...
DEBUG:root:Received reply: b'Recording turned off!'
DEBUG:root:hhz/125/13/1/1/0/16 b'0'
DEBUG:root:hhz/125/9/1/1/0/16 b'1'
DEBUG:root:hhz/125/1/1/1/0/16 b'0'
DEBUG:root:Bewegung erkannt...
DEBUG:root:Received reply: b'Recording turned off!'
DEBUG:root:Connected with result code 0
DEBUG:root:hhz/125/1/1/1/0/16 b'1'
DEBUG:root:Bewegung erkannt...
DEBUG:root:Received reply: b'Recording turned off!'
DEBUG:root:hhz/125/9/1/1/0/16 b'1'
DEBUG:root:hhz/120/1/1/1/0/16 b'0'
DEBUG:root:hhz/125/9/1/1/0/16 b'0'
DEBUG:root:hhz/125/1/1/1/0/16 b'0'
DEBUG:root:Bewegung erkannt...
DEBUG:root:Received reply: b'Recording turned off!'
DEBUG:root:hhz/125/9/1/1/0/16 b'1'
DEBUG:root:hhz/125/13/1/1/0/16 b'1'
DEBUG:root:hhz/125/9/1/1/0/16 b'0'
DEBUG:root:hhz/125/13/1/1/0/16 b'0'
DEBUG:root:hhz/125/9/1/1/0/16 b'1'
DEBUG:root:hhz/125/5/1/1/0/16 b'1'
DEBUG:root:hhz/120/1/1/1/0/16 b'1'
DEBUG:root:hhz/125/9/1/1/0/16 b'0'
DEBUG:root:hhz/120/1/1/1/0/16 b'0'
DEBUG:root:hhz/125/5/1/1/0/16 b'0'
DEBUG:root:hhz/120/1/1/1/0/16 b'1'
DEBUG:root:hhz/120/1/1/1/0/16 b'0'
DEBUG:root:hhz/125/13/1/1/0/16 b'1'
DEBUG:root:hhz/125/9/1/1/0/16 b'1'
DEBUG:root:hhz/120/1/1/1/0/16 b'1'
DEBUG:root:hhz/125/9/1/1/0/16 b'0'
DEBUG:root:hhz/125/13/1/1/0/16 b'0'
DEBUG:root:hhz/120/1/1/1/0/16 b'0'
DEBUG:root:hhz/125/9/1/1/0/16 b'1'
DEBUG:root:hhz/125/9/1/1/0/16 b'0'
DEBUG:root:hhz/125/9/1/1/0/16 b'1'
DEBUG:root:hhz/126_2/1/1/1/0/16 b'1'
DEBUG:root:hhz/125/9/1/1/0/16 b'0'
DEBUG:root:hhz/125/13/1/1/0/16 b'1'
DEBUG:root:hhz/126_2/1/1/1/0/16 b'0'
DEBUG:root:hhz/125/9/1/1/0/16 b'1'
DEBUG:root:hhz/125/13/1/1/0/16 b'0'
DEBUG:root:hhz/125/5/1/1/0/16 b'1'
DEBUG:root:hhz/125/9/1/1/0/16 b'0'
DEBUG:root:hhz/125/5/1/1/0/16 b'0'
DEBUG:root:hhz/125/1/1/1/0/16 b'1'
DEBUG:root:Bewegung erkannt...
DEBUG:root:Received reply: b'Recording turned off!'
DEBUG:root:hhz/125/9/1/1/0/16 b'1'
DEBUG:root:hhz/126_2/1/1/1/0/16 b'1'
DEBUG:root:hhz/125/1/1/1/0/16 b'0'
DEBUG:root:Bewegung erkannt...
DEBUG:root:Received reply: b'Recording turned off!'
DEBUG:root:hhz/125/9/1/1/0/16 b'0'
DEBUG:root:hhz/125/13/1/1/0/16 b'1'
DEBUG:root:hhz/126_2/1/1/1/0/16 b'0'
DEBUG:root:hhz/125/5/1/1/0/16 b'1'
DEBUG:root:hhz/125/13/1/1/0/16 b'0'
DEBUG:root:hhz/125/5/1/1/0/16 b'0'
DEBUG:root:hhz/125/1/1/1/0/16 b'1'
DEBUG:root:Bewegung erkannt...
DEBUG:root:Received reply: b'No Image saved!'
DEBUG:root:hhz/125/13/1/1/0/16 b'1'
DEBUG:root:hhz/125/1/1/1/0/16 b'0'
DEBUG:root:Bewegung erkannt...
DEBUG:root:Received reply: b'No Image saved!'
DEBUG:root:hhz/125/5/1/1/0/16 b'1'
DEBUG:root:hhz/125/13/1/1/0/16 b'0'
DEBUG:root:hhz/125/5/1/1/0/16 b'0'
DEBUG:root:hhz/125/1/1/1/0/16 b'1'
DEBUG:root:Bewegung erkannt...
DEBUG:root:Received reply: b'No Image saved!'
DEBUG:root:hhz/125/1/1/1/0/16 b'0'
DEBUG:root:Bewegung erkannt...
DEBUG:root:Received reply: b'No Image saved!'
DEBUG:root:hhz/125/9/1/1/0/16 b'1'
DEBUG:root:hhz/125/9/1/1/0/16 b'0'
DEBUG:root:hhz/125/5/1/1/0/16 b'1'
DEBUG:root:hhz/125/5/1/1/0/16 b'0'
DEBUG:root:hhz/125/1/1/1/0/16 b'1'
DEBUG:root:Bewegung erkannt...
DEBUG:root:Received reply: b'No Image saved!'
DEBUG:root:hhz/125/1/1/1/0/16 b'0'
DEBUG:root:Bewegung erkannt...
DEBUG:root:Received reply: b'No Image saved!'
DEBUG:root:hhz/125/5/1/1/0/16 b'1'
DEBUG:root:hhz/125/5/1/1/0/16 b'0'
DEBUG:root:hhz/125/9/1/1/0/16 b'1'
DEBUG:root:hhz/125/1/1/1/0/16 b'1'
DEBUG:root:Bewegung erkannt...
DEBUG:root:Received reply: b'No Image saved!'
DEBUG:root:hhz/125/9/1/1/0/16 b'0'
DEBUG:root:hhz/125/1/1/1/0/16 b'0'
DEBUG:root:Bewegung erkannt...
DEBUG:root:Received reply: b'No Image saved!'
DEBUG:root:hhz/125/5/1/1/0/16 b'1'
DEBUG:root:hhz/125/5/1/1/0/16 b'0'
DEBUG:root:hhz/120/13/1/1/0/16 b'0'
DEBUG:root:hhz/125/1/1/1/0/16 b'1'
DEBUG:root:Bewegung erkannt...
DEBUG:root:Received reply: b'No Image saved!'
DEBUG:root:hhz/125/1/1/1/0/16 b'0'
DEBUG:root:Bewegung erkannt...
DEBUG:root:Received reply: b'No Image saved!'
DEBUG:root:hhz/125/5/1/1/0/16 b'1'
DEBUG:root:hhz/125/5/1/1/0/16 b'0'
DEBUG:root:hhz/125/1/1/1/0/16 b'1'
DEBUG:root:Bewegung erkannt...
DEBUG:root:Received reply: b'No Image saved!'
DEBUG:root:Connected with result code 0
DEBUG:root:hhz/125/1/1/1/0/16 b'1'
DEBUG:root:Bewegung erkannt...
DEBUG:root:Received reply: b'No Image saved!'
DEBUG:root:hhz/125/1/1/1/0/16 b'0'
DEBUG:root:Bewegung erkannt...
DEBUG:root:Received reply: b'No Image saved!'
DEBUG:root:hhz/125/1/1/1/0/16 b'1'
DEBUG:root:Bewegung erkannt...
DEBUG:root:Received reply: b'No Image saved!'
DEBUG:root:hhz/125/9/1/1/0/16 b'1'
DEBUG:root:hhz/125/9/1/1/0/16 b'0'
DEBUG:root:hhz/125/1/1/1/0/16 b'0'
DEBUG:root:Bewegung erkannt...
DEBUG:root:Received reply: b'No Image saved!'
DEBUG:root:hhz/125/1/1/1/0/16 b'1'
DEBUG:root:Bewegung erkannt...
DEBUG:root:Received reply: b'No Image saved!'
DEBUG:root:hhz/125/1/1/1/0/16 b'0'
DEBUG:root:Bewegung erkannt...
DEBUG:root:Received reply: b'No Image saved!'
DEBUG:root:hhz/125/9/1/1/0/16 b'1'
DEBUG:root:hhz/125/1/1/1/0/16 b'1'
DEBUG:root:Bewegung erkannt...
DEBUG:root:Received reply: b'No Image saved!'
DEBUG:root:hhz/125/9/1/1/0/16 b'0'
DEBUG:root:hhz/125/1/1/1/0/16 b'0'
DEBUG:root:Bewegung erkannt...
DEBUG:root:Received reply: b'No Image saved!'
DEBUG:root:hhz/125/9/1/1/0/16 b'1'
DEBUG:root:hhz/125/9/1/1/0/16 b'0'
DEBUG:root:hhz/125/1/1/1/0/16 b'1'
DEBUG:root:Bewegung erkannt...
DEBUG:root:Received reply: b'No Image saved!'
DEBUG:root:hhz/125/9/1/1/0/16 b'1'
DEBUG:root:hhz/125/9/1/1/0/16 b'0'
DEBUG:root:hhz/125/1/1/1/0/16 b'0'
DEBUG:root:Bewegung erkannt...
DEBUG:root:Received reply: b'No Image saved!'
DEBUG:root:hhz/125/9/1/1/0/16 b'1'
DEBUG:root:hhz/125/9/1/1/0/16 b'0'
DEBUG:root:hhz/125/9/1/1/0/16 b'1'
DEBUG:root:hhz/125/9/1/1/0/16 b'0'
DEBUG:root:hhz/125/1/1/1/0/16 b'1'
DEBUG:root:Bewegung erkannt...
DEBUG:root:Received reply: b'No Image saved!'
DEBUG:root:hhz/125/9/1/1/0/16 b'1'
DEBUG:root:hhz/125/1/1/1/0/16 b'0'
DEBUG:root:Bewegung erkannt...
DEBUG:root:Received reply: b'No Image saved!'
DEBUG:root:Connected with result code 0
DEBUG:root:hhz/125/9/1/1/0/16 b'0'
DEBUG:root:hhz/125/1/1/1/0/16 b'0'
DEBUG:root:Bewegung erkannt...
DEBUG:root:Received reply: b'No Image saved!'
DEBUG:root:hhz/125/9/1/1/0/16 b'1'
DEBUG:root:hhz/120/1/1/1/0/16 b'1'
DEBUG:root:hhz/125/9/1/1/0/16 b'0'
DEBUG:root:hhz/120/1/1/1/0/16 b'0'
DEBUG:root:hhz/125/9/1/1/0/16 b'1'
DEBUG:root:hhz/125/9/1/1/0/16 b'0'
DEBUG:root:hhz/125/1/1/1/0/16 b'1'
DEBUG:root:Bewegung erkannt...
DEBUG:root:Received reply: b'No Image saved!'
DEBUG:root:hhz/125/1/1/1/0/16 b'0'
DEBUG:root:Bewegung erkannt...
DEBUG:root:Received reply: b'No Image saved!'
DEBUG:root:hhz/125/9/1/1/0/16 b'1'
DEBUG:root:hhz/125/9/1/1/0/16 b'0'
DEBUG:root:hhz/125/9/1/1/0/16 b'1'
DEBUG:root:hhz/125/1/1/1/0/16 b'1'
DEBUG:root:Bewegung erkannt...
DEBUG:root:Received reply: b'No Image saved!'
DEBUG:root:hhz/125/9/1/1/0/16 b'0'
DEBUG:root:hhz/125/9/1/1/0/16 b'1'
DEBUG:root:hhz/125/1/1/1/0/16 b'0'
DEBUG:root:Bewegung erkannt...
DEBUG:root:Received reply: b'No Image saved!'
DEBUG:root:hhz/125/9/1/1/0/16 b'0'
DEBUG:root:hhz/125/9/1/1/0/16 b'1'
DEBUG:root:hhz/125/9/1/1/0/16 b'0'
DEBUG:root:hhz/125/5/1/1/0/16 b'1'
DEBUG:root:hhz/125/1/1/1/0/16 b'1'
DEBUG:root:Bewegung erkannt...
DEBUG:root:Received reply: b'No Image saved!'
DEBUG:root:hhz/125/5/1/1/0/16 b'0'
DEBUG:root:hhz/125/9/1/1/0/16 b'1'
DEBUG:root:hhz/125/1/1/1/0/16 b'0'
DEBUG:root:Bewegung erkannt...
DEBUG:root:Received reply: b'No Image saved!'
DEBUG:root:hhz/125/9/1/1/0/16 b'0'
DEBUG:root:hhz/126_2/2/1/1/0/0 b'20.0'
DEBUG:root:hhz/126_2/2/0/1/0/1 b'27.0'
DEBUG:root:hhz/125/9/1/1/0/16 b'1'
DEBUG:root:hhz/125/9/1/1/0/16 b'0'
DEBUG:root:hhz/125/13/1/1/0/16 b'1'
DEBUG:root:hhz/125/5/1/1/0/16 b'1'
DEBUG:root:hhz/125/13/1/1/0/16 b'0'
DEBUG:root:hhz/125/1/1/1/0/16 b'1'
DEBUG:root:Bewegung erkannt...
DEBUG:root:Received reply: b'No Image saved!'
DEBUG:root:hhz/125/5/1/1/0/16 b'0'
DEBUG:root:hhz/125/9/1/1/0/16 b'1'
DEBUG:root:hhz/125/9/1/1/0/16 b'0'
DEBUG:root:hhz/125/1/1/1/0/16 b'0'
DEBUG:root:Bewegung erkannt...
DEBUG:root:Received reply: b'No Image saved!'
DEBUG:root:hhz/120/1/1/1/0/16 b'1'
DEBUG:root:hhz/120/1/1/1/0/16 b'0'
DEBUG:root:hhz/125/5/1/1/0/16 b'1'
DEBUG:root:hhz/125/9/1/1/0/16 b'1'
DEBUG:root:hhz/125/9/1/1/0/16 b'0'
DEBUG:root:hhz/125/13/1/1/0/16 b'1'
DEBUG:root:hhz/125/1/1/1/0/16 b'1'
DEBUG:root:Bewegung erkannt...
DEBUG:root:Received reply: b'No Image saved!'
DEBUG:root:hhz/125/5/1/1/0/16 b'0'
DEBUG:root:hhz/125/9/1/1/0/16 b'1'
DEBUG:root:hhz/125/13/1/1/0/16 b'0'
DEBUG:root:hhz/125/1/1/1/0/16 b'0'
DEBUG:root:Bewegung erkannt...
DEBUG:root:Received reply: b'No Image saved!'
DEBUG:root:hhz/125/9/1/1/0/16 b'0'
DEBUG:root:hhz/120/1/1/1/0/16 b'1'
DEBUG:root:hhz/125/9/1/1/0/16 b'1'
DEBUG:root:hhz/120/1/1/1/0/16 b'0'
DEBUG:root:hhz/125/9/1/1/0/16 b'0'
DEBUG:root:hhz/125/13/1/1/0/16 b'1'
DEBUG:root:hhz/125/1/1/1/0/16 b'1'
DEBUG:root:Bewegung erkannt...
DEBUG:root:Received reply: b'No Image saved!'
DEBUG:root:Connected with result code 0
DEBUG:root:hhz/125/9/1/1/0/16 b'1'
DEBUG:root:hhz/125/9/1/1/0/16 b'0'
DEBUG:root:hhz/125/1/1/1/0/16 b'1'
DEBUG:root:Bewegung erkannt...
DEBUG:root:Received reply: b'No Image saved!'
DEBUG:root:hhz/120/6/1/1/0/0 b'19.0'
DEBUG:root:hhz/120/6/0/1/0/1 b'19.0'
DEBUG:root:hhz/125/9/1/1/0/16 b'1'
DEBUG:root:hhz/125/1/1/1/0/16 b'0'
DEBUG:root:Bewegung erkannt...
DEBUG:root:Received reply: b'No Image saved!'
DEBUG:root:hhz/125/9/1/1/0/16 b'0'
DEBUG:root:hhz/125/9/1/1/0/16 b'1'
DEBUG:root:hhz/125/9/1/1/0/16 b'0'
DEBUG:root:hhz/125/13/1/1/0/16 b'1'
DEBUG:root:hhz/125/13/1/1/0/16 b'0'
DEBUG:root:hhz/125/9/1/1/0/16 b'1'
DEBUG:root:hhz/125/1/1/1/0/16 b'1'
DEBUG:root:Bewegung erkannt...
DEBUG:root:Received reply: b'No Image saved!'
DEBUG:root:hhz/125/9/1/1/0/16 b'0'
DEBUG:root:hhz/125/1/1/1/0/16 b'0'
DEBUG:root:Bewegung erkannt...
DEBUG:root:Received reply: b'No Image saved!'
DEBUG:root:hhz/125/13/1/1/0/16 b'1'
DEBUG:root:hhz/125/9/1/1/0/16 b'1'
DEBUG:root:hhz/125/9/1/1/0/16 b'0'
DEBUG:root:hhz/125/13/1/1/0/16 b'0'
DEBUG:root:hhz/125/9/1/1/0/16 b'1'
DEBUG:root:hhz/125/9/1/1/0/16 b'0'
DEBUG:root:hhz/125/1/1/1/0/16 b'1'
DEBUG:root:Bewegung erkannt...
DEBUG:root:Received reply: b'No Image saved!'
DEBUG:root:hhz/125/9/1/1/0/16 b'1'
DEBUG:root:hhz/125/1/1/1/0/16 b'0'
DEBUG:root:Bewegung erkannt...
DEBUG:root:Received reply: b'No Image saved!'
DEBUG:root:hhz/125/9/1/1/0/16 b'0'
DEBUG:root:hhz/125/13/1/1/0/16 b'1'
DEBUG:root:hhz/125/9/1/1/0/16 b'1'
DEBUG:root:hhz/125/13/1/1/0/16 b'0'
DEBUG:root:hhz/125/9/1/1/0/16 b'0'
DEBUG:root:hhz/120/1/1/1/0/16 b'1'
DEBUG:root:hhz/125/1/1/1/0/16 b'1'
DEBUG:root:Bewegung erkannt...
DEBUG:root:Received reply: b'No Image saved!'
DEBUG:root:hhz/120/1/1/1/0/16 b'0'
DEBUG:root:hhz/125/9/1/1/0/16 b'1'
DEBUG:root:hhz/125/1/1/1/0/16 b'0'
DEBUG:root:Bewegung erkannt...
DEBUG:root:Received reply: b'No Image saved!'
DEBUG:root:hhz/125/9/1/1/0/16 b'0'
DEBUG:root:hhz/125/13/1/1/0/16 b'1'
DEBUG:root:hhz/125/9/1/1/0/16 b'1'
DEBUG:root:hhz/125/5/1/1/0/16 b'1'
DEBUG:root:hhz/125/9/1/1/0/16 b'0'
DEBUG:root:hhz/125/13/1/1/0/16 b'0'
DEBUG:root:hhz/125/1/1/1/0/16 b'1'
DEBUG:root:Bewegung erkannt...
DEBUG:root:Received reply: b'No Image saved!'
DEBUG:root:hhz/125/5/1/1/0/16 b'0'
DEBUG:root:hhz/120/1/1/1/0/16 b'1'
DEBUG:root:hhz/125/9/1/1/0/16 b'1'
DEBUG:root:hhz/125/1/1/1/0/16 b'0'
DEBUG:root:Bewegung erkannt...
DEBUG:root:Received reply: b'No Image saved!'
DEBUG:root:hhz/125/9/1/1/0/16 b'0'
DEBUG:root:hhz/120/1/1/1/0/16 b'0'
DEBUG:root:hhz/125/9/1/1/0/16 b'1'
DEBUG:root:hhz/125/5/1/1/0/16 b'1'
DEBUG:root:hhz/125/9/1/1/0/16 b'0'
DEBUG:root:hhz/125/1/1/1/0/16 b'1'
DEBUG:root:Bewegung erkannt...
DEBUG:root:Received reply: b'No Image saved!'
DEBUG:root:hhz/125/5/1/1/0/16 b'0'
DEBUG:root:hhz/125/13/1/1/0/16 b'1'
DEBUG:root:hhz/120/1/1/1/0/16 b'1'
DEBUG:root:hhz/125/9/1/1/0/16 b'1'
DEBUG:root:hhz/125/9/1/1/0/16 b'0'
DEBUG:root:hhz/125/1/1/1/0/16 b'0'
DEBUG:root:Bewegung erkannt...
DEBUG:root:Received reply: b'No Image saved!'
DEBUG:root:Connected with result code 0
DEBUG:root:hhz/125/1/1/1/0/16 b'1'
DEBUG:root:Bewegung erkannt...
DEBUG:root:Received reply: b'No Image saved!'
DEBUG:root:hhz/126_2/1/1/1/0/16 b'0'
DEBUG:root:hhz/125/1/1/1/0/16 b'0'
DEBUG:root:Bewegung erkannt...
DEBUG:root:Received reply: b'No Image saved!'
DEBUG:root:hhz/125/9/1/1/0/16 b'1'
DEBUG:root:hhz/126_2/1/1/1/0/16 b'1'
DEBUG:root:hhz/125/9/1/1/0/16 b'0'
DEBUG:root:hhz/126_2/1/1/1/0/16 b'0'
DEBUG:root:hhz/125/1/1/1/0/16 b'1'
DEBUG:root:Bewegung erkannt...
DEBUG:root:Received reply: b'No Image saved!'
DEBUG:root:hhz/125/9/1/1/0/16 b'1'
DEBUG:root:hhz/125/9/1/1/0/16 b'0'
DEBUG:root:hhz/125/1/1/1/0/16 b'0'
DEBUG:root:Bewegung erkannt...
DEBUG:root:Received reply: b'No Image saved!'
DEBUG:root:hhz/126_2/1/1/1/0/16 b'1'
DEBUG:root:hhz/125/13/1/1/0/16 b'1'
DEBUG:root:hhz/125/9/1/1/0/16 b'1'
DEBUG:root:hhz/126_2/1/1/1/0/16 b'0'
DEBUG:root:hhz/125/9/1/1/0/16 b'0'
DEBUG:root:hhz/125/13/1/1/0/16 b'0'
DEBUG:root:hhz/125/1/1/1/0/16 b'1'
DEBUG:root:Bewegung erkannt...
DEBUG:root:Received reply: b'No Image saved!'
DEBUG:root:hhz/125/9/1/1/0/16 b'1'
DEBUG:root:hhz/125/9/1/1/0/16 b'0'
DEBUG:root:hhz/125/1/1/1/0/16 b'0'
DEBUG:root:Bewegung erkannt...
DEBUG:root:Received reply: b'No Image saved!'
DEBUG:root:hhz/126_2/3/1/1/0/23 b'130'
DEBUG:root:hhz/126_2/1/1/1/0/16 b'1'
DEBUG:root:hhz/125/9/1/1/0/16 b'1'
DEBUG:root:hhz/126_2/5/1/1/0/16 b'0'
DEBUG:root:hhz/125/9/1/1/0/16 b'0'
DEBUG:root:hhz/125/13/1/1/0/16 b'1'
DEBUG:root:hhz/126_2/1/1/1/0/16 b'0'
DEBUG:root:hhz/125/1/1/1/0/16 b'1'
DEBUG:root:Bewegung erkannt...
DEBUG:root:Received reply: b'No Image saved!'
DEBUG:root:hhz/125/13/1/1/0/16 b'0'
DEBUG:root:hhz/125/1/1/1/0/16 b'0'
DEBUG:root:Bewegung erkannt...
DEBUG:root:Received reply: b'No Image saved!'
DEBUG:root:hhz/125/9/1/1/0/16 b'1'
DEBUG:root:hhz/125/9/1/1/0/16 b'0'
DEBUG:root:hhz/126_2/1/1/1/0/16 b'1'
DEBUG:root:hhz/125/9/1/1/0/16 b'1'
DEBUG:root:hhz/125/9/1/1/0/16 b'0'
DEBUG:root:hhz/126_2/1/1/1/0/16 b'0'
DEBUG:root:hhz/125/9/1/1/0/16 b'1'
DEBUG:root:hhz/125/9/1/1/0/16 b'0'
DEBUG:root:hhz/125/9/1/1/0/16 b'1'
DEBUG:root:hhz/125/9/1/1/0/16 b'0'
DEBUG:root:hhz/125/1/1/1/0/16 b'1'
DEBUG:root:Bewegung erkannt...
DEBUG:root:Received reply: b'No Image saved!'
DEBUG:root:hhz/125/13/1/1/0/16 b'1'
DEBUG:root:hhz/125/1/1/1/0/16 b'0'
DEBUG:root:Bewegung erkannt...
DEBUG:root:Received reply: b'No Image saved!'
DEBUG:root:##################2019-01-29 11:07:25.204231###################
DEBUG:root:MQTT started
DEBUG:root:Connected with result code 0
DEBUG:root:hhz/125/9/1/1/0/16 b'1'
DEBUG:root:hhz/125/1/1/1/0/16 b'1'
DEBUG:root:Bewegung erkannt...
DEBUG:root:Received reply: b'No Image saved!'
DEBUG:root:hhz/125/9/1/1/0/16 b'0'
DEBUG:root:hhz/125/13/1/1/0/16 b'1'
DEBUG:root:hhz/126_2/1/1/1/0/16 b'1'
DEBUG:root:hhz/125/9/1/1/0/16 b'1'
DEBUG:root:hhz/125/1/1/1/0/16 b'0'
DEBUG:root:Bewegung erkannt...
DEBUG:root:Received reply: b'No Image saved!'
DEBUG:root:hhz/125/9/1/1/0/16 b'0'
DEBUG:root:hhz/125/13/1/1/0/16 b'0'
DEBUG:root:hhz/126_2/1/1/1/0/16 b'0'
DEBUG:root:hhz/125/1/1/1/0/16 b'1'
DEBUG:root:Bewegung erkannt...
DEBUG:root:Received reply: b'No Image saved!'
DEBUG:root:hhz/126_2/1/1/1/0/16 b'1'
DEBUG:root:hhz/125/9/1/1/0/16 b'1'
DEBUG:root:hhz/125/1/1/1/0/16 b'0'
DEBUG:root:Bewegung erkannt...
DEBUG:root:Received reply: b'No Image saved!'
DEBUG:root:hhz/125/9/1/1/0/16 b'0'
DEBUG:root:hhz/126_2/1/1/1/0/16 b'0'
DEBUG:root:hhz/125/9/1/1/0/16 b'1'
DEBUG:root:hhz/125/9/1/1/0/16 b'0'
DEBUG:root:hhz/125/13/1/1/0/16 b'1'
DEBUG:root:hhz/125/1/1/1/0/16 b'1'
DEBUG:root:Bewegung erkannt...
DEBUG:root:Received reply: b'No Image saved!'
DEBUG:root:hhz/125/13/1/1/0/16 b'0'
DEBUG:root:hhz/125/9/1/1/0/16 b'1'
DEBUG:root:hhz/125/1/1/1/0/16 b'0'
DEBUG:root:Bewegung erkannt...
DEBUG:root:Received reply: b'No Image saved!'
DEBUG:root:hhz/125/9/1/1/0/16 b'0'
DEBUG:root:hhz/125/13/1/1/0/16 b'1'
DEBUG:root:hhz/125/13/1/1/0/16 b'0'
DEBUG:root:hhz/125/1/1/1/0/16 b'1'
DEBUG:root:Bewegung erkannt...
DEBUG:root:Received reply: b'No Image saved!'
DEBUG:root:hhz/125/6/1/1/0/0 b'21.0'
DEBUG:root:hhz/125/6/0/1/0/1 b'20.0'
DEBUG:root:hhz/125/1/1/1/0/16 b'0'
DEBUG:root:Bewegung erkannt...
DEBUG:root:Received reply: b'No Image saved!'
DEBUG:root:hhz/120/13/1/1/0/16 b'0'
DEBUG:root:hhz/125/3/1/1/0/23 b'1605'
DEBUG:root:hhz/125/13/1/1/0/16 b'1'
DEBUG:root:hhz/125/13/1/1/0/16 b'0'
DEBUG:root:hhz/125/13/1/1/0/16 b'1'
DEBUG:root:hhz/125/13/1/1/0/16 b'0'
DEBUG:root:hhz/125/1/1/1/0/16 b'1'
DEBUG:root:Bewegung erkannt...
DEBUG:root:Received reply: b'No Image saved!'
DEBUG:root:hhz/125/9/1/1/0/16 b'1'
DEBUG:root:hhz/125/9/1/1/0/16 b'0'
DEBUG:root:hhz/125/1/1/1/0/16 b'0'
DEBUG:root:Bewegung erkannt...
DEBUG:root:Received reply: b'No Image saved!'
DEBUG:root:##################2019-01-29 11:10:06.898241###################
DEBUG:root:MQTT started
DEBUG:root:Connected with result code 0
DEBUG:root:hhz/126_2/4/1/1/0/1 b'531'
DEBUG:root:hhz/120/4/1/1/0/1 b'472'
DEBUG:root:hhz/125/4/1/1/0/1 b'792'
DEBUG:root:hhz/125/13/1/1/0/16 b'1'
DEBUG:root:hhz/126_2/1/1/1/0/16 b'1'
DEBUG:root:hhz/125/13/1/1/0/16 b'0'
DEBUG:root:hhz/126_2/1/1/1/0/16 b'0'
DEBUG:root:hhz/125/13/1/1/0/16 b'1'
DEBUG:root:hhz/125/9/1/1/0/16 b'1'
DEBUG:root:hhz/125/9/1/1/0/16 b'0'
DEBUG:root:hhz/125/13/1/1/0/16 b'0'
DEBUG:root:hhz/126_2/1/1/1/0/16 b'1'
DEBUG:root:hhz/125/1/1/1/0/16 b'1'
DEBUG:root:Bewegung erkannt...
DEBUG:root:Received reply: b'No Image saved!'
DEBUG:root:hhz/125/9/1/1/0/16 b'1'
DEBUG:root:hhz/126_2/1/1/1/0/16 b'0'
DEBUG:root:hhz/125/9/1/1/0/16 b'0'
DEBUG:root:hhz/125/1/1/1/0/16 b'0'
DEBUG:root:Bewegung erkannt...
DEBUG:root:Received reply: b'No Image saved!'
DEBUG:root:hhz/125/9/1/1/0/16 b'1'
DEBUG:root:hhz/125/9/1/1/0/16 b'0'
DEBUG:root:hhz/125/1/1/1/0/16 b'1'
DEBUG:root:Bewegung erkannt...
DEBUG:root:Received reply: b'No Image saved!'
DEBUG:root:hhz/126_2/1/1/1/0/16 b'1'
DEBUG:root:hhz/125/9/1/1/0/16 b'1'
DEBUG:root:hhz/125/9/1/1/0/16 b'0'
DEBUG:root:hhz/125/1/1/1/0/16 b'0'
DEBUG:root:Bewegung erkannt...
DEBUG:root:Received reply: b'No Image saved!'
DEBUG:root:hhz/126_2/1/1/1/0/16 b'0'
DEBUG:root:hhz/125/13/1/1/0/16 b'1'
DEBUG:root:hhz/125/13/1/1/0/16 b'0'
DEBUG:root:hhz/125/1/1/1/0/16 b'1'
DEBUG:root:Bewegung erkannt...
DEBUG:root:Received reply: b'No Image saved!'
DEBUG:root:hhz/125/9/1/1/0/16 b'1'
DEBUG:root:hhz/125/9/1/1/0/16 b'0'
DEBUG:root:hhz/125/1/1/1/0/16 b'0'
DEBUG:root:Bewegung erkannt...
DEBUG:root:Received reply: b'No Image saved!'
DEBUG:root:hhz/125/13/1/1/0/16 b'1'
DEBUG:root:hhz/125/13/1/1/0/16 b'0'
DEBUG:root:hhz/125/1/1/1/0/16 b'1'
DEBUG:root:Bewegung erkannt...
DEBUG:root:Received reply: b'No Image saved!'
DEBUG:root:hhz/125/9/1/1/0/16 b'1'
DEBUG:root:hhz/125/9/1/1/0/16 b'0'
DEBUG:root:hhz/125/13/1/1/0/16 b'1'
DEBUG:root:hhz/125/1/1/1/0/16 b'0'
DEBUG:root:Bewegung erkannt...
DEBUG:root:Received reply: b'No Image saved!'
DEBUG:root:hhz/125/13/1/1/0/16 b'0'
DEBUG:root:hhz/125/9/1/1/0/16 b'1'
DEBUG:root:hhz/125/9/1/1/0/16 b'0'
DEBUG:root:hhz/125/1/1/1/0/16 b'1'
DEBUG:root:Bewegung erkannt...
DEBUG:root:Received reply: b'No Image saved!'
DEBUG:root:hhz/125/9/1/1/0/16 b'1'
DEBUG:root:hhz/125/9/1/1/0/16 b'0'
DEBUG:root:hhz/125/1/1/1/0/16 b'0'
DEBUG:root:Bewegung erkannt...
DEBUG:root:Received reply: b'No Image saved!'
DEBUG:root:hhz/125/13/1/1/0/16 b'1'
DEBUG:root:hhz/125/13/1/1/0/16 b'0'
DEBUG:root:hhz/125/9/1/1/0/16 b'1'
DEBUG:root:hhz/125/9/1/1/0/16 b'0'
DEBUG:root:hhz/125/1/1/1/0/16 b'1'
DEBUG:root:Bewegung erkannt...
DEBUG:root:Received reply: b'No Image saved!'
DEBUG:root:hhz/125/13/1/1/0/16 b'1'
DEBUG:root:hhz/125/1/1/1/0/16 b'0'
DEBUG:root:Bewegung erkannt...
DEBUG:root:Received reply: b'No Image saved!'
DEBUG:root:hhz/125/13/1/1/0/16 b'0'
DEBUG:root:hhz/125/13/1/1/0/16 b'1'
DEBUG:root:hhz/125/13/1/1/0/16 b'0'
DEBUG:root:hhz/125/9/1/1/0/16 b'1'
DEBUG:root:hhz/125/9/1/1/0/16 b'0'
DEBUG:root:hhz/125/1/1/1/0/16 b'1'
DEBUG:root:Bewegung erkannt...
DEBUG:root:Received reply: b'No Image saved!'
DEBUG:root:hhz/125/1/1/1/0/16 b'0'
DEBUG:root:Bewegung erkannt...
DEBUG:root:Received reply: b'No Image saved!'
DEBUG:root:hhz/125/9/1/1/0/16 b'1'
DEBUG:root:hhz/125/9/1/1/0/16 b'0'
DEBUG:root:hhz/125/13/1/1/0/16 b'1'
DEBUG:root:hhz/125/13/1/1/0/16 b'0'
DEBUG:root:hhz/125/9/1/1/0/16 b'1'
DEBUG:root:hhz/125/13/1/1/0/16 b'1'
DEBUG:root:hhz/125/1/1/1/0/16 b'1'
DEBUG:root:Bewegung erkannt...
DEBUG:root:Received reply: b'No Image saved!'
DEBUG:root:hhz/125/9/1/1/0/16 b'0'
DEBUG:root:hhz/125/1/1/1/0/16 b'0'
DEBUG:root:Bewegung erkannt...
DEBUG:root:Received reply: b'No Image saved!'
DEBUG:root:hhz/125/13/1/1/0/16 b'0'
DEBUG:root:hhz/125/9/1/1/0/16 b'1'
DEBUG:root:hhz/125/9/1/1/0/16 b'0'
DEBUG:root:hhz/125/9/1/1/0/16 b'1'
DEBUG:root:hhz/125/9/1/1/0/16 b'0'
DEBUG:root:hhz/125/1/1/1/0/16 b'1'
DEBUG:root:Bewegung erkannt...
DEBUG:root:Received reply: b'No Image saved!'
DEBUG:root:Connected with result code 0
DEBUG:root:hhz/125/1/1/1/0/16 b'1'
DEBUG:root:Bewegung erkannt...
DEBUG:root:Received reply: b'No Image saved!'
DEBUG:root:hhz/125/1/1/1/0/16 b'0'
DEBUG:root:Bewegung erkannt...
DEBUG:root:Received reply: b'No Image saved!'
DEBUG:root:hhz/125/1/1/1/0/16 b'1'
DEBUG:root:Bewegung erkannt...
DEBUG:root:Received reply: b'No Image saved!'
DEBUG:root:hhz/125/9/1/1/0/16 b'1'
DEBUG:root:hhz/125/9/1/1/0/16 b'0'
DEBUG:root:hhz/125/1/1/1/0/16 b'0'
DEBUG:root:Bewegung erkannt...
DEBUG:root:Received reply: b'No Image saved!'
DEBUG:root:hhz/125/13/1/1/0/16 b'1'
DEBUG:root:hhz/125/9/1/1/0/16 b'1'
DEBUG:root:hhz/125/9/1/1/0/16 b'0'
DEBUG:root:hhz/125/13/1/1/0/16 b'0'
DEBUG:root:hhz/125/1/1/1/0/16 b'1'
DEBUG:root:Bewegung erkannt...
DEBUG:root:Received reply: b'No Image saved!'
DEBUG:root:hhz/125/9/1/1/0/16 b'1'
DEBUG:root:hhz/125/9/1/1/0/16 b'0'
DEBUG:root:hhz/125/1/1/1/0/16 b'0'
DEBUG:root:Bewegung erkannt...
DEBUG:root:Received reply: b'No Image saved!'
DEBUG:root:hhz/120/6/1/1/0/0 b'19.0'
DEBUG:root:hhz/120/6/0/1/0/1 b'20.0'
DEBUG:root:hhz/120/1/1/1/0/16 b'0'
DEBUG:root:hhz/125/9/1/1/0/16 b'1'
DEBUG:root:hhz/125/9/1/1/0/16 b'0'
DEBUG:root:hhz/125/9/1/1/0/16 b'1'
DEBUG:root:hhz/125/9/1/1/0/16 b'0'
DEBUG:root:hhz/125/1/1/1/0/16 b'1'
DEBUG:root:Bewegung erkannt...
DEBUG:root:Received reply: b'No Image saved!'
DEBUG:root:##################2019-01-29 11:14:56.524338###################
DEBUG:root:MQTT started
DEBUG:root:Connected with result code 0
DEBUG:root:hhz/125/13/1/1/0/16 b'0'
DEBUG:root:hhz/125/9/1/1/0/16 b'1'
DEBUG:root:hhz/125/9/1/1/0/16 b'0'
DEBUG:root:hhz/125/9/1/1/0/16 b'1'
DEBUG:root:hhz/125/1/1/1/0/16 b'1'
DEBUG:root:Bewegung erkannt...
DEBUG:root:Received reply: b'No Image saved!'
DEBUG:root:hhz/125/9/1/1/0/16 b'0'
DEBUG:root:hhz/125/13/1/1/0/16 b'1'
DEBUG:root:hhz/125/1/1/1/0/16 b'0'
DEBUG:root:Bewegung erkannt...
DEBUG:root:Received reply: b'No Image saved!'
DEBUG:root:hhz/125/9/1/1/0/16 b'1'
DEBUG:root:hhz/125/9/1/1/0/16 b'0'
DEBUG:root:hhz/125/13/1/1/0/16 b'0'
DEBUG:root:hhz/120/7/1/1/0/23 b'579'
DEBUG:root:hhz/125/9/1/1/0/16 b'1'
DEBUG:root:hhz/125/9/1/1/0/16 b'0'
DEBUG:root:hhz/125/7/1/1/0/23 b'177'
DEBUG:root:hhz/125/1/1/1/0/16 b'1'
DEBUG:root:Bewegung erkannt...
DEBUG:root:Received reply: b'No Image saved!'
DEBUG:root:hhz/125/1/1/1/0/16 b'0'
DEBUG:root:Bewegung erkannt...
DEBUG:root:Received reply: b'No Image saved!'
DEBUG:root:hhz/125/13/1/1/0/16 b'1'
DEBUG:root:hhz/125/9/1/1/0/16 b'1'
DEBUG:root:hhz/125/9/1/1/0/16 b'0'
DEBUG:root:hhz/125/13/1/1/0/16 b'0'
DEBUG:root:hhz/125/9/1/1/0/16 b'1'
DEBUG:root:hhz/125/1/1/1/0/16 b'1'
DEBUG:root:Bewegung erkannt...
DEBUG:root:Received reply: b'No Image saved!'
DEBUG:root:hhz/125/9/1/1/0/16 b'0'
DEBUG:root:hhz/125/1/1/1/0/16 b'0'
DEBUG:root:Bewegung erkannt...
DEBUG:root:Received reply: b'No Image saved!'
DEBUG:root:hhz/125/1/1/1/0/16 b'1'
DEBUG:root:Bewegung erkannt...
DEBUG:root:Received reply: b'No Image saved!'
DEBUG:root:hhz/125/9/1/1/0/16 b'1'
DEBUG:root:hhz/125/9/1/1/0/16 b'0'
DEBUG:root:hhz/125/1/1/1/0/16 b'0'
DEBUG:root:Bewegung erkannt...
DEBUG:root:Received reply: b'No Image saved!'
DEBUG:root:hhz/125/13/1/1/0/16 b'1'
DEBUG:root:hhz/125/9/1/1/0/16 b'1'
DEBUG:root:hhz/125/9/1/1/0/16 b'0'
DEBUG:root:hhz/125/13/1/1/0/16 b'0'
DEBUG:root:hhz/125/9/1/1/0/16 b'1'
DEBUG:root:hhz/125/9/1/1/0/16 b'0'
DEBUG:root:hhz/126_2/5/1/1/0/16 b'0'
DEBUG:root:hhz/125/1/1/1/0/16 b'1'
DEBUG:root:Bewegung erkannt...
DEBUG:root:Received reply: b'No Image saved!'
DEBUG:root:hhz/125/9/1/1/0/16 b'1'
DEBUG:root:hhz/125/9/1/1/0/16 b'0'
DEBUG:root:hhz/125/13/1/1/0/16 b'1'
DEBUG:root:hhz/125/1/1/1/0/16 b'0'
DEBUG:root:Bewegung erkannt...
DEBUG:root:Received reply: b'No Image saved!'
DEBUG:root:hhz/126_2/3/1/1/0/23 b'135'
DEBUG:root:hhz/125/9/1/1/0/16 b'1'
DEBUG:root:hhz/125/9/1/1/0/16 b'0'
DEBUG:root:hhz/125/13/1/1/0/16 b'0'
DEBUG:root:hhz/125/9/1/1/0/16 b'1'
DEBUG:root:hhz/125/9/1/1/0/16 b'0'
DEBUG:root:hhz/125/1/1/1/0/16 b'1'
DEBUG:root:Bewegung erkannt...
DEBUG:root:Received reply: b'No Image saved!'
DEBUG:root:hhz/125/9/1/1/0/16 b'1'
DEBUG:root:hhz/125/9/1/1/0/16 b'0'
DEBUG:root:hhz/125/13/1/1/0/16 b'1'
DEBUG:root:hhz/125/1/1/1/0/16 b'0'
DEBUG:root:Bewegung erkannt...
DEBUG:root:Received reply: b'No Image saved!'
DEBUG:root:##################2019-01-29 11:17:38.032552###################
DEBUG:root:MQTT started
DEBUG:root:Connected with result code 0
DEBUG:root:hhz/125/1/1/1/0/16 b'0'
DEBUG:root:Bewegung erkannt...
DEBUG:root:Received reply: b'No Image saved!'
DEBUG:root:hhz/125/9/1/1/0/16 b'1'
DEBUG:root:hhz/125/9/1/1/0/16 b'0'
DEBUG:root:hhz/125/9/1/1/0/16 b'1'
DEBUG:root:hhz/125/1/1/1/0/16 b'1'
DEBUG:root:Bewegung erkannt...
DEBUG:root:Received reply: b'No Image saved!'
DEBUG:root:hhz/125/9/1/1/0/16 b'0'
DEBUG:root:hhz/125/1/1/1/0/16 b'0'
DEBUG:root:Bewegung erkannt...
DEBUG:root:Received reply: b'No Image saved!'
DEBUG:root:hhz/120/9/1/1/0/16 b'0'
DEBUG:root:hhz/125/9/1/1/0/16 b'1'
DEBUG:root:hhz/125/9/1/1/0/16 b'0'
DEBUG:root:hhz/125/1/1/1/0/16 b'1'
DEBUG:root:Bewegung erkannt...
DEBUG:root:Received reply: b'No Image saved!'
DEBUG:root:hhz/125/13/1/1/0/16 b'1'
DEBUG:root:hhz/125/1/1/1/0/16 b'0'
DEBUG:root:Bewegung erkannt...
DEBUG:root:Received reply: b'No Image saved!'
DEBUG:root:hhz/125/9/1/1/0/16 b'1'
DEBUG:root:hhz/125/13/1/1/0/16 b'0'
DEBUG:root:hhz/125/9/1/1/0/16 b'0'
DEBUG:root:hhz/125/9/1/1/0/16 b'1'
DEBUG:root:hhz/125/9/1/1/0/16 b'0'
DEBUG:root:hhz/125/13/1/1/0/16 b'1'
DEBUG:root:hhz/125/1/1/1/0/16 b'1'
DEBUG:root:Bewegung erkannt...
DEBUG:root:Received reply: b'No Image saved!'
DEBUG:root:hhz/125/9/1/1/0/16 b'1'
DEBUG:root:hhz/125/1/1/1/0/16 b'0'
DEBUG:root:Bewegung erkannt...
DEBUG:root:Received reply: b'No Image saved!'
DEBUG:root:hhz/125/13/1/1/0/16 b'0'
DEBUG:root:hhz/125/9/1/1/0/16 b'0'
DEBUG:root:hhz/125/9/1/1/0/16 b'1'
DEBUG:root:hhz/125/9/1/1/0/16 b'0'
DEBUG:root:hhz/125/13/1/1/0/16 b'1'
DEBUG:root:hhz/125/13/1/1/0/16 b'0'
DEBUG:root:hhz/125/1/1/1/0/16 b'1'
DEBUG:root:Bewegung erkannt...
DEBUG:root:Received reply: b'No Image saved!'
DEBUG:root:hhz/125/1/1/1/0/16 b'0'
DEBUG:root:Bewegung erkannt...
DEBUG:root:Received reply: b'No Image saved!'
DEBUG:root:##################2019-01-29 11:20:11.750480###################
DEBUG:root:MQTT started
DEBUG:root:Connected with result code 0
DEBUG:root:hhz/125/13/1/1/0/16 b'1'
DEBUG:root:hhz/125/13/1/1/0/16 b'0'
DEBUG:root:hhz/125/1/1/1/0/16 b'1'
DEBUG:root:Bewegung erkannt...
DEBUG:root:Received reply: b'No Image saved!'
DEBUG:root:hhz/125/9/1/1/0/16 b'1'
DEBUG:root:hhz/125/9/1/1/0/16 b'0'
DEBUG:root:hhz/125/1/1/1/0/16 b'0'
DEBUG:root:Bewegung erkannt...
DEBUG:root:Received reply: b'No Image saved!'
DEBUG:root:hhz/125/13/1/1/0/16 b'1'
DEBUG:root:hhz/125/9/1/1/0/16 b'1'
DEBUG:root:hhz/125/9/1/1/0/16 b'0'
DEBUG:root:hhz/125/13/1/1/0/16 b'0'
DEBUG:root:hhz/125/1/1/1/0/16 b'1'
DEBUG:root:Bewegung erkannt...
DEBUG:root:Received reply: b'No Image saved!'
DEBUG:root:hhz/125/9/1/1/0/16 b'1'
DEBUG:root:hhz/125/9/1/1/0/16 b'0'
DEBUG:root:hhz/125/1/1/1/0/16 b'0'
DEBUG:root:Bewegung erkannt...
DEBUG:root:Received reply: b'No Image saved!'
DEBUG:root:hhz/126_2/1/1/1/0/16 b'0'
DEBUG:root:hhz/125/9/1/1/0/16 b'1'
DEBUG:root:hhz/125/9/1/1/0/16 b'0'
DEBUG:root:hhz/125/9/1/1/0/16 b'1'
DEBUG:root:hhz/125/9/1/1/0/16 b'0'
DEBUG:root:hhz/125/1/1/1/0/16 b'1'
DEBUG:root:Bewegung erkannt...
DEBUG:root:Received reply: b'No Image saved!'
DEBUG:root:hhz/125/1/1/1/0/16 b'0'
DEBUG:root:Bewegung erkannt...
DEBUG:root:Received reply: b'No Image saved!'
DEBUG:root:hhz/125/9/1/1/0/16 b'1'
DEBUG:root:hhz/125/9/1/1/0/16 b'0'
DEBUG:root:hhz/125/1/1/1/0/16 b'1'
DEBUG:root:Bewegung erkannt...
DEBUG:root:Received reply: b'No Image saved!'
DEBUG:root:hhz/125/1/1/1/0/16 b'0'
DEBUG:root:Bewegung erkannt...
DEBUG:root:Received reply: b'No Image saved!'
DEBUG:root:hhz/125/9/1/1/0/16 b'1'
DEBUG:root:hhz/125/1/1/1/0/16 b'1'
DEBUG:root:Bewegung erkannt...
DEBUG:root:Received reply: b'No Image saved!'
DEBUG:root:hhz/125/9/1/1/0/16 b'0'
DEBUG:root:hhz/125/13/1/1/0/16 b'1'
DEBUG:root:hhz/125/1/1/1/0/16 b'0'
DEBUG:root:Bewegung erkannt...
DEBUG:root:Received reply: b'No Image saved!'
DEBUG:root:hhz/125/9/1/1/0/16 b'1'
DEBUG:root:hhz/125/9/1/1/0/16 b'0'
DEBUG:root:hhz/125/13/1/1/0/16 b'0'
DEBUG:root:hhz/125/9/1/1/0/16 b'1'
DEBUG:root:hhz/125/9/1/1/0/16 b'0'
DEBUG:root:hhz/125/1/1/1/0/16 b'1'
DEBUG:root:Bewegung erkannt...
DEBUG:root:Received reply: b'No Image saved!'
DEBUG:root:hhz/125/1/1/1/0/16 b'0'
DEBUG:root:Bewegung erkannt...
DEBUG:root:Received reply: b'No Image saved!'
DEBUG:root:hhz/125/5/1/1/0/16 b'1'
DEBUG:root:hhz/125/5/1/1/0/16 b'0'
DEBUG:root:hhz/125/1/1/1/0/16 b'1'
DEBUG:root:Bewegung erkannt...
DEBUG:root:Received reply: b'No Image saved!'
DEBUG:root:hhz/125/9/1/1/0/16 b'1'
DEBUG:root:hhz/125/9/1/1/0/16 b'0'
DEBUG:root:hhz/125/1/1/1/0/16 b'0'
DEBUG:root:Bewegung erkannt...
DEBUG:root:Received reply: b'No Image saved!'
DEBUG:root:hhz/125/9/1/1/0/16 b'1'
DEBUG:root:hhz/125/9/1/1/0/16 b'0'
DEBUG:root:hhz/125/13/1/1/0/16 b'1'
DEBUG:root:hhz/125/9/1/1/0/16 b'1'
DEBUG:root:hhz/125/9/1/1/0/16 b'0'
DEBUG:root:hhz/125/13/1/1/0/16 b'0'
DEBUG:root:hhz/125/1/1/1/0/16 b'1'
DEBUG:root:Bewegung erkannt...
DEBUG:root:Received reply: b'No Image saved!'
DEBUG:root:hhz/126_2/1/1/1/0/16 b'1'
DEBUG:root:hhz/125/9/1/1/0/16 b'1'
DEBUG:root:hhz/125/1/1/1/0/16 b'0'
DEBUG:root:Bewegung erkannt...
DEBUG:root:Received reply: b'No Image saved!'
DEBUG:root:hhz/125/9/1/1/0/16 b'0'
DEBUG:root:hhz/126_2/1/1/1/0/16 b'0'
DEBUG:root:hhz/125/13/1/1/0/16 b'1'
DEBUG:root:hhz/125/9/1/1/0/16 b'1'
DEBUG:root:hhz/125/9/1/1/0/16 b'0'
DEBUG:root:hhz/125/13/1/1/0/16 b'0'
DEBUG:root:hhz/125/1/1/1/0/16 b'1'
DEBUG:root:Bewegung erkannt...
DEBUG:root:Received reply: b'No Image saved!'
DEBUG:root:hhz/125/1/1/1/0/16 b'0'
DEBUG:root:Bewegung erkannt...
DEBUG:root:Received reply: b'No Image saved!'
DEBUG:root:hhz/126_2/1/1/1/0/16 b'1'
DEBUG:root:hhz/126_2/1/1/1/0/16 b'0'
DEBUG:root:hhz/126_2/1/1/1/0/16 b'1'
DEBUG:root:hhz/126_2/1/1/1/0/16 b'0'
DEBUG:root:hhz/126_2/1/1/1/0/16 b'1'
DEBUG:root:hhz/125/9/1/1/0/16 b'1'
DEBUG:root:hhz/125/1/1/1/0/16 b'1'
DEBUG:root:Bewegung erkannt...
DEBUG:root:Received reply: b'No Image saved!'
DEBUG:root:hhz/125/9/1/1/0/16 b'0'
DEBUG:root:hhz/125/13/1/1/0/16 b'1'
DEBUG:root:hhz/126_2/1/1/1/0/16 b'0'
DEBUG:root:hhz/125/1/1/1/0/16 b'0'
DEBUG:root:Bewegung erkannt...
DEBUG:root:Received reply: b'No Image saved!'
DEBUG:root:Connected with result code 0
DEBUG:root:hhz/125/9/1/1/0/16 b'1'
DEBUG:root:hhz/125/9/1/1/0/16 b'0'
DEBUG:root:hhz/125/1/1/1/0/16 b'1'
DEBUG:root:Bewegung erkannt...
DEBUG:root:Received reply: b'No Image saved!'
DEBUG:root:hhz/125/9/1/1/0/16 b'1'
DEBUG:root:hhz/125/9/1/1/0/16 b'0'
DEBUG:root:hhz/125/1/1/1/0/16 b'0'
DEBUG:root:Bewegung erkannt...
DEBUG:root:Received reply: b'No Image saved!'
DEBUG:root:hhz/125/1/1/1/0/16 b'1'
DEBUG:root:Bewegung erkannt...
DEBUG:root:Received reply: b'No Image saved!'
DEBUG:root:hhz/125/9/1/1/0/16 b'1'
DEBUG:root:hhz/125/9/1/1/0/16 b'0'
DEBUG:root:hhz/125/1/1/1/0/16 b'0'
DEBUG:root:Bewegung erkannt...
DEBUG:root:Received reply: b'No Image saved!'
DEBUG:root:hhz/125/9/1/1/0/16 b'1'
DEBUG:root:hhz/125/9/1/1/0/16 b'0'
DEBUG:root:hhz/125/13/1/1/0/16 b'1'
DEBUG:root:hhz/125/1/1/1/0/16 b'1'
DEBUG:root:Bewegung erkannt...
DEBUG:root:Received reply: b'No Image saved!'
DEBUG:root:hhz/125/9/1/1/0/16 b'1'
DEBUG:root:hhz/125/9/1/1/0/16 b'0'
DEBUG:root:hhz/125/13/1/1/0/16 b'0'
DEBUG:root:hhz/125/1/1/1/0/16 b'0'
DEBUG:root:Bewegung erkannt...
DEBUG:root:Received reply: b'No Image saved!'
DEBUG:root:hhz/125/9/1/1/0/16 b'1'
DEBUG:root:hhz/125/9/1/1/0/16 b'0'
DEBUG:root:hhz/125/13/1/1/0/16 b'1'
DEBUG:root:hhz/125/13/1/1/0/16 b'0'
DEBUG:root:hhz/125/9/1/1/0/16 b'1'
DEBUG:root:hhz/125/9/1/1/0/16 b'0'
DEBUG:root:hhz/125/9/1/1/0/16 b'1'
DEBUG:root:hhz/125/9/1/1/0/16 b'0'
DEBUG:root:hhz/125/9/1/1/0/16 b'1'
DEBUG:root:hhz/125/9/1/1/0/16 b'0'
DEBUG:root:hhz/125/13/1/1/0/16 b'1'
DEBUG:root:hhz/125/13/1/1/0/16 b'0'
DEBUG:root:hhz/125/1/1/1/0/16 b'1'
DEBUG:root:Bewegung erkannt...
DEBUG:root:Received reply: b'No Image saved!'
DEBUG:root:hhz/125/1/1/1/0/16 b'0'
DEBUG:root:Bewegung erkannt...
DEBUG:root:Received reply: b'No Image saved!'
DEBUG:root:hhz/125/5/1/1/0/16 b'1'
DEBUG:root:hhz/125/5/1/1/0/16 b'0'
DEBUG:root:hhz/125/1/1/1/0/16 b'1'
DEBUG:root:Bewegung erkannt...
DEBUG:root:Received reply: b'No Image saved!'
DEBUG:root:hhz/126_2/5/1/1/0/16 b'0'
DEBUG:root:hhz/125/7/1/1/0/23 b'180'
DEBUG:root:hhz/125/1/1/1/0/16 b'0'
DEBUG:root:Bewegung erkannt...
DEBUG:root:Received reply: b'No Image saved!'
DEBUG:root:hhz/125/5/1/1/0/16 b'1'
DEBUG:root:hhz/120/7/1/1/0/23 b'450'
DEBUG:root:hhz/125/5/1/1/0/16 b'0'
DEBUG:root:hhz/125/1/1/1/0/16 b'1'
DEBUG:root:Bewegung erkannt...
DEBUG:root:Received reply: b'No Image saved!'
DEBUG:root:hhz/125/9/1/1/0/16 b'1'
DEBUG:root:hhz/125/1/1/1/0/16 b'0'
DEBUG:root:Bewegung erkannt...
DEBUG:root:Received reply: b'No Image saved!'
DEBUG:root:hhz/125/9/1/1/0/16 b'0'
DEBUG:root:hhz/125/5/1/1/0/16 b'1'
DEBUG:root:hhz/125/13/1/1/0/16 b'1'
DEBUG:root:hhz/125/5/1/1/0/16 b'0'
DEBUG:root:hhz/125/9/1/1/0/16 b'1'
DEBUG:root:hhz/125/1/1/1/0/16 b'1'
DEBUG:root:Bewegung erkannt...
DEBUG:root:Received reply: b'No Image saved!'
DEBUG:root:hhz/125/13/1/1/0/16 b'0'
DEBUG:root:hhz/125/9/1/1/0/16 b'0'
DEBUG:root:hhz/125/1/1/1/0/16 b'0'
DEBUG:root:Bewegung erkannt...
DEBUG:root:Received reply: b'No Image saved!'
DEBUG:root:hhz/126_2/3/1/1/0/23 b'135'
DEBUG:root:hhz/125/5/1/1/0/16 b'1'
DEBUG:root:hhz/125/5/1/1/0/16 b'0'
DEBUG:root:hhz/125/9/1/1/0/16 b'1'
DEBUG:root:hhz/125/1/1/1/0/16 b'1'
DEBUG:root:Bewegung erkannt...
DEBUG:root:Received reply: b'No Image saved!'
DEBUG:root:hhz/125/9/1/1/0/16 b'0'
DEBUG:root:hhz/125/13/1/1/0/16 b'1'
DEBUG:root:hhz/125/1/1/1/0/16 b'0'
DEBUG:root:Bewegung erkannt...
DEBUG:root:Received reply: b'No Image saved!'
DEBUG:root:hhz/125/9/1/1/0/16 b'1'
DEBUG:root:hhz/125/9/1/1/0/16 b'0'
DEBUG:root:hhz/125/13/1/1/0/16 b'0'
DEBUG:root:hhz/125/5/1/1/0/16 b'1'
DEBUG:root:hhz/125/5/1/1/0/16 b'0'
DEBUG:root:hhz/125/1/1/1/0/16 b'1'
DEBUG:root:Bewegung erkannt...
DEBUG:root:Received reply: b'No Image saved!'
DEBUG:root:Connected with result code 0
DEBUG:root:hhz/125/1/1/1/0/16 b'1'
DEBUG:root:Bewegung erkannt...
DEBUG:root:Received reply: b'No Image saved!'
DEBUG:root:hhz/125/1/1/1/0/16 b'0'
DEBUG:root:Bewegung erkannt...
DEBUG:root:Received reply: b'No Image saved!'
DEBUG:root:hhz/125/1/1/1/0/16 b'1'
DEBUG:root:Bewegung erkannt...
DEBUG:root:Received reply: b'No Image saved!'
DEBUG:root:hhz/125/1/1/1/0/16 b'0'
DEBUG:root:Bewegung erkannt...
DEBUG:root:Received reply: b'No Image saved!'
DEBUG:root:hhz/125/1/1/1/0/16 b'1'
DEBUG:root:Bewegung erkannt...
DEBUG:root:Received reply: b'No Image saved!'
DEBUG:root:hhz/125/1/1/1/0/16 b'0'
DEBUG:root:Bewegung erkannt...
DEBUG:root:Received reply: b'No Image saved!'
DEBUG:root:hhz/125/5/1/1/0/16 b'1'
DEBUG:root:hhz/125/5/1/1/0/16 b'0'
DEBUG:root:hhz/125/1/1/1/0/16 b'1'
DEBUG:root:Bewegung erkannt...
DEBUG:root:Received reply: b'No Image saved!'
DEBUG:root:hhz/125/1/1/1/0/16 b'0'
DEBUG:root:Bewegung erkannt...
DEBUG:root:Received reply: b'No Image saved!'
DEBUG:root:hhz/126_2/1/1/1/0/16 b'1'
DEBUG:root:hhz/125/5/1/1/0/16 b'1'
DEBUG:root:hhz/126_2/1/1/1/0/16 b'0'
DEBUG:root:hhz/125/5/1/1/0/16 b'0'
DEBUG:root:hhz/126_2/1/1/1/0/16 b'1'
DEBUG:root:hhz/125/5/1/1/0/16 b'1'
DEBUG:root:hhz/126_2/1/1/1/0/16 b'0'
DEBUG:root:hhz/125/5/1/1/0/16 b'0'
DEBUG:root:hhz/125/13/1/1/0/16 b'1'
DEBUG:root:hhz/125/13/1/1/0/16 b'0'
DEBUG:root:hhz/125/5/1/1/0/16 b'1'
DEBUG:root:hhz/125/5/1/1/0/16 b'0'
DEBUG:root:hhz/120/9/1/1/0/16 b'0'
DEBUG:root:hhz/125/13/1/1/0/16 b'1'
DEBUG:root:hhz/125/13/1/1/0/16 b'0'
DEBUG:root:hhz/125/5/1/1/0/16 b'1'
DEBUG:root:hhz/126_2/1/1/1/0/16 b'1'
DEBUG:root:hhz/125/5/1/1/0/16 b'0'
DEBUG:root:hhz/126_2/1/1/1/0/16 b'0'
DEBUG:root:hhz/126_2/1/1/1/0/16 b'1'
DEBUG:root:hhz/126_2/1/1/1/0/16 b'0'
DEBUG:root:hhz/126_2/1/1/1/0/16 b'1'
DEBUG:root:hhz/126_2/1/1/1/0/16 b'0'
DEBUG:root:hhz/125/4/1/1/0/1 b'818'
DEBUG:root:hhz/126_2/4/1/1/0/1 b'528'
DEBUG:root:hhz/125/3/1/1/0/23 b'2152'
DEBUG:root:hhz/120/4/1/1/0/1 b'466'
DEBUG:root:hhz/125/1/1/1/0/16 b'0'
DEBUG:root:Bewegung erkannt...
DEBUG:root:Received reply: b'No Image saved!'
DEBUG:root:hhz/125/6/1/1/0/0 b'21.0'
DEBUG:root:hhz/125/6/0/1/0/1 b'22.0'
DEBUG:root:hhz/126_2/1/1/1/0/16 b'1'
DEBUG:root:hhz/126_2/1/1/1/0/16 b'0'
DEBUG:root:hhz/120/1/1/1/0/16 b'1'
DEBUG:root:hhz/120/1/1/1/0/16 b'0'
DEBUG:root:hhz/120/13/1/1/0/16 b'0'
DEBUG:root:hhz/120/1/1/1/0/16 b'1'
DEBUG:root:hhz/120/1/1/1/0/16 b'0'
DEBUG:root:hhz/125/5/1/1/0/16 b'1'
DEBUG:root:hhz/125/5/1/1/0/16 b'0'
DEBUG:root:hhz/125/1/1/1/0/16 b'1'
DEBUG:root:Bewegung erkannt...
DEBUG:root:Received reply: b'No Image saved!'
DEBUG:root:hhz/125/13/1/1/0/16 b'1'
DEBUG:root:hhz/125/1/1/1/0/16 b'0'
DEBUG:root:Bewegung erkannt...
DEBUG:root:Received reply: b'No Image saved!'
DEBUG:root:hhz/125/9/1/1/0/16 b'1'
DEBUG:root:hhz/125/13/1/1/0/16 b'0'
DEBUG:root:hhz/125/9/1/1/0/16 b'0'
DEBUG:root:hhz/126_2/1/1/1/0/16 b'1'
DEBUG:root:hhz/126_2/1/1/1/0/16 b'0'
DEBUG:root:hhz/126_2/1/1/1/0/16 b'1'
DEBUG:root:hhz/126_2/1/1/1/0/16 b'0'
DEBUG:root:hhz/125/1/1/1/0/16 b'0'
DEBUG:root:Bewegung erkannt...
DEBUG:root:Received reply: b'No Image saved!'
DEBUG:root:hhz/125/2/1/1/0/0 b'16.0'
DEBUG:root:hhz/125/2/0/1/0/1 b'23.0'
DEBUG:root:hhz/120/6/1/1/0/0 b'19.0'
DEBUG:root:hhz/120/6/0/1/0/1 b'19.0'
DEBUG:root:hhz/126_2/1/1/1/0/16 b'1'
DEBUG:root:hhz/126_2/1/1/1/0/16 b'0'
DEBUG:root:hhz/126_2/1/1/1/0/16 b'1'
DEBUG:root:hhz/126_2/1/1/1/0/16 b'0'
DEBUG:root:hhz/125/5/1/1/0/16 b'1'
DEBUG:root:hhz/125/1/1/1/0/16 b'1'
DEBUG:root:Bewegung erkannt...
DEBUG:root:Received reply: b'No Image saved!'
DEBUG:root:hhz/125/5/1/1/0/16 b'0'
DEBUG:root:hhz/125/13/1/1/0/16 b'1'
DEBUG:root:hhz/125/1/1/1/0/16 b'0'
DEBUG:root:Bewegung erkannt...
DEBUG:root:Received reply: b'No Image saved!'
DEBUG:root:hhz/125/9/1/1/0/16 b'1'
DEBUG:root:hhz/125/9/1/1/0/16 b'0'
DEBUG:root:hhz/125/13/1/1/0/16 b'0'
DEBUG:root:hhz/126_2/2/1/1/0/0 b'20.0'
DEBUG:root:hhz/126_2/2/0/1/0/1 b'27.0'
DEBUG:root:hhz/125/9/1/1/0/16 b'1'
DEBUG:root:hhz/125/5/1/1/0/16 b'1'
DEBUG:root:hhz/125/9/1/1/0/16 b'0'
DEBUG:root:hhz/125/5/1/1/0/16 b'0'
DEBUG:root:hhz/125/1/1/1/0/16 b'1'
DEBUG:root:Bewegung erkannt...
DEBUG:root:Received reply: b'No Image saved!'
DEBUG:root:hhz/125/9/1/1/0/16 b'1'
DEBUG:root:hhz/125/1/1/1/0/16 b'0'
DEBUG:root:Bewegung erkannt...
DEBUG:root:Received reply: b'No Image saved!'
DEBUG:root:hhz/125/9/1/1/0/16 b'0'
DEBUG:root:hhz/125/13/1/1/0/16 b'1'
DEBUG:root:hhz/125/9/1/1/0/16 b'1'
DEBUG:root:hhz/125/9/1/1/0/16 b'0'
DEBUG:root:hhz/125/13/1/1/0/16 b'0'
DEBUG:root:hhz/125/9/1/1/0/16 b'1'
DEBUG:root:hhz/125/1/1/1/0/16 b'1'
DEBUG:root:Bewegung erkannt...
DEBUG:root:Received reply: b'No Image saved!'
DEBUG:root:hhz/125/9/1/1/0/16 b'0'
DEBUG:root:hhz/125/1/1/1/0/16 b'0'
DEBUG:root:Bewegung erkannt...
DEBUG:root:Received reply: b'No Image saved!'
DEBUG:root:hhz/125/9/1/1/0/16 b'1'
DEBUG:root:hhz/125/9/1/1/0/16 b'0'
DEBUG:root:hhz/125/9/1/1/0/16 b'1'
DEBUG:root:hhz/125/13/1/1/0/16 b'1'
DEBUG:root:hhz/125/9/1/1/0/16 b'0'
DEBUG:root:hhz/125/13/1/1/0/16 b'0'
DEBUG:root:hhz/125/13/1/1/0/16 b'1'
DEBUG:root:hhz/125/13/1/1/0/16 b'0'
DEBUG:root:hhz/125/9/1/1/0/16 b'1'
DEBUG:root:hhz/125/1/1/1/0/16 b'1'
DEBUG:root:Bewegung erkannt...
DEBUG:root:Received reply: b'No Image saved!'
DEBUG:root:hhz/125/9/1/1/0/16 b'0'
DEBUG:root:hhz/125/1/1/1/0/16 b'0'
DEBUG:root:Bewegung erkannt...
DEBUG:root:Received reply: b'No Image saved!'
DEBUG:root:hhz/126_2/5/1/1/0/16 b'0'
DEBUG:root:hhz/125/1/1/1/0/16 b'1'
DEBUG:root:Bewegung erkannt...
DEBUG:root:Received reply: b'No Image saved!'
DEBUG:root:hhz/125/9/1/1/0/16 b'1'
DEBUG:root:hhz/125/9/1/1/0/16 b'0'
DEBUG:root:hhz/125/1/1/1/0/16 b'0'
DEBUG:root:Bewegung erkannt...
DEBUG:root:Received reply: b'No Image saved!'
DEBUG:root:hhz/126_2/3/1/1/0/23 b'150'
DEBUG:root:hhz/125/7/1/1/0/23 b'184'
DEBUG:root:hhz/120/7/1/1/0/23 b'192'
DEBUG:root:hhz/125/1/1/1/0/16 b'0'
DEBUG:root:Bewegung erkannt...
DEBUG:root:Received reply: b'No Image saved!'
DEBUG:root:hhz/125/13/1/1/0/16 b'1'
DEBUG:root:hhz/125/13/1/1/0/16 b'0'
DEBUG:root:hhz/125/9/1/1/0/16 b'1'
DEBUG:root:hhz/125/1/1/1/0/16 b'1'
DEBUG:root:Bewegung erkannt...
DEBUG:root:Received reply: b'No Image saved!'
DEBUG:root:hhz/125/9/1/1/0/16 b'0'
DEBUG:root:hhz/125/1/1/1/0/16 b'0'
DEBUG:root:Bewegung erkannt...
DEBUG:root:Received reply: b'No Image saved!'
DEBUG:root:hhz/125/9/1/1/0/16 b'1'
DEBUG:root:hhz/125/9/1/1/0/16 b'0'
DEBUG:root:hhz/125/9/1/1/0/16 b'1'
DEBUG:root:hhz/125/9/1/1/0/16 b'0'
DEBUG:root:hhz/125/13/1/1/0/16 b'1'
DEBUG:root:hhz/125/13/1/1/0/16 b'0'
DEBUG:root:hhz/125/4/1/1/0/1 b'808'
DEBUG:root:hhz/126_2/4/1/1/0/1 b'633'
DEBUG:root:hhz/120/4/1/1/0/1 b'460'
DEBUG:root:hhz/120/9/1/1/0/16 b'0'
DEBUG:root:hhz/125/3/1/1/0/23 b'2145'
DEBUG:root:hhz/120/1/1/1/0/16 b'0'
DEBUG:root:hhz/125/1/1/1/0/16 b'0'
DEBUG:root:Bewegung erkannt...
DEBUG:root:Received reply: b'No Image saved!'
DEBUG:root:hhz/125/6/1/1/0/0 b'21.0'
DEBUG:root:hhz/125/6/0/1/0/1 b'26.0'
DEBUG:root:hhz/120/13/1/1/0/16 b'0'
DEBUG:root:hhz/125/13/1/1/0/16 b'1'
DEBUG:root:hhz/125/9/1/1/0/16 b'1'
DEBUG:root:hhz/125/1/1/1/0/16 b'1'
DEBUG:root:Bewegung erkannt...
DEBUG:root:Received reply: b'No Image saved!'
DEBUG:root:hhz/125/9/1/1/0/16 b'0'
DEBUG:root:hhz/125/13/1/1/0/16 b'0'
DEBUG:root:hhz/125/5/1/1/0/16 b'1'
DEBUG:root:hhz/125/1/1/1/0/16 b'0'
DEBUG:root:Bewegung erkannt...
DEBUG:root:Received reply: b'No Image saved!'
DEBUG:root:hhz/125/5/1/1/0/16 b'0'
DEBUG:root:hhz/125/9/1/1/0/16 b'1'
DEBUG:root:hhz/125/9/1/1/0/16 b'0'
DEBUG:root:hhz/125/1/1/1/0/16 b'1'
DEBUG:root:Bewegung erkannt...
DEBUG:root:Received reply: b'No Image saved!'
DEBUG:root:hhz/125/1/1/1/0/16 b'0'
DEBUG:root:Bewegung erkannt...
DEBUG:root:Received reply: b'No Image saved!'
DEBUG:root:hhz/125/9/1/1/0/16 b'1'
DEBUG:root:hhz/125/9/1/1/0/16 b'0'
DEBUG:root:hhz/126_2/1/1/1/0/16 b'1'
DEBUG:root:hhz/125/9/1/1/0/16 b'1'
DEBUG:root:hhz/125/1/1/1/0/16 b'1'
DEBUG:root:Bewegung erkannt...
DEBUG:root:Received reply: b'No Image saved!'
DEBUG:root:hhz/125/9/1/1/0/16 b'0'
DEBUG:root:hhz/126_2/1/1/1/0/16 b'0'
DEBUG:root:hhz/125/1/1/1/0/16 b'0'
DEBUG:root:Bewegung erkannt...
DEBUG:root:Received reply: b'No Image saved!'
DEBUG:root:hhz/126_2/1/1/1/0/16 b'1'
DEBUG:root:hhz/126_2/1/1/1/0/16 b'0'
DEBUG:root:hhz/126_2/1/1/1/0/16 b'1'
DEBUG:root:hhz/126_2/1/1/1/0/16 b'0'
DEBUG:root:hhz/126_2/1/1/1/0/16 b'1'
DEBUG:root:hhz/126_2/1/1/1/0/16 b'0'
DEBUG:root:hhz/125/13/1/1/0/16 b'1'
DEBUG:root:hhz/125/13/1/1/0/16 b'0'
DEBUG:root:hhz/125/5/1/1/0/16 b'1'
DEBUG:root:hhz/125/5/1/1/0/16 b'0'
DEBUG:root:hhz/125/1/1/1/0/16 b'1'
DEBUG:root:Bewegung erkannt...
DEBUG:root:Received reply: b'No Image saved!'
DEBUG:root:hhz/125/13/1/1/0/16 b'1'
DEBUG:root:hhz/125/1/1/1/0/16 b'0'
DEBUG:root:Bewegung erkannt...
DEBUG:root:Received reply: b'No Image saved!'
DEBUG:root:hhz/125/13/1/1/0/16 b'0'
DEBUG:root:hhz/125/9/1/1/0/16 b'1'
DEBUG:root:hhz/125/1/1/1/0/16 b'1'
DEBUG:root:Bewegung erkannt...
DEBUG:root:Received reply: b'No Image saved!'
DEBUG:root:hhz/125/9/1/1/0/16 b'0'
DEBUG:root:hhz/125/13/1/1/0/16 b'1'
DEBUG:root:hhz/125/1/1/1/0/16 b'0'
DEBUG:root:Bewegung erkannt...
DEBUG:root:Received reply: b'No Image saved!'
DEBUG:root:hhz/125/9/1/1/0/16 b'1'
DEBUG:root:hhz/125/13/1/1/0/16 b'0'
DEBUG:root:hhz/125/9/1/1/0/16 b'0'
DEBUG:root:hhz/120/6/1/1/0/0 b'19.0'
DEBUG:root:hhz/120/6/0/1/0/1 b'19.0'
DEBUG:root:hhz/125/1/1/1/0/16 b'1'
DEBUG:root:Bewegung erkannt...
DEBUG:root:Received reply: b'No Image saved!'
DEBUG:root:hhz/125/1/1/1/0/16 b'0'
DEBUG:root:Bewegung erkannt...
DEBUG:root:Received reply: b'No Image saved!'
DEBUG:root:hhz/125/9/1/1/0/16 b'1'
DEBUG:root:hhz/125/13/1/1/0/16 b'1'
DEBUG:root:hhz/125/9/1/1/0/16 b'0'
DEBUG:root:hhz/125/2/1/1/0/0 b'16.0'
DEBUG:root:hhz/125/2/0/1/0/1 b'23.0'
DEBUG:root:hhz/125/13/1/1/0/16 b'0'
DEBUG:root:hhz/125/9/1/1/0/16 b'1'
DEBUG:root:hhz/125/9/1/1/0/16 b'0'
DEBUG:root:hhz/125/1/1/1/0/16 b'1'
DEBUG:root:Bewegung erkannt...
DEBUG:root:Received reply: b'No Image saved!'
DEBUG:root:hhz/125/9/1/1/0/16 b'1'
DEBUG:root:hhz/125/1/1/1/0/16 b'0'
DEBUG:root:Bewegung erkannt...
DEBUG:root:Received reply: b'No Image saved!'
DEBUG:root:hhz/125/9/1/1/0/16 b'0'
DEBUG:root:hhz/125/13/1/1/0/16 b'1'
DEBUG:root:hhz/125/9/1/1/0/16 b'1'
DEBUG:root:hhz/125/9/1/1/0/16 b'0'
DEBUG:root:hhz/125/13/1/1/0/16 b'0'
DEBUG:root:hhz/125/1/1/1/0/16 b'1'
DEBUG:root:Bewegung erkannt...
DEBUG:root:Received reply: b'No Image saved!'
DEBUG:root:hhz/125/9/1/1/0/16 b'1'
DEBUG:root:hhz/125/9/1/1/0/16 b'0'
DEBUG:root:hhz/125/1/1/1/0/16 b'0'
DEBUG:root:Bewegung erkannt...
DEBUG:root:Received reply: b'No Image saved!'
DEBUG:root:hhz/125/9/1/1/0/16 b'1'
DEBUG:root:hhz/125/9/1/1/0/16 b'0'
DEBUG:root:hhz/125/1/1/1/0/16 b'1'
DEBUG:root:Bewegung erkannt...
DEBUG:root:Received reply: b'No Image saved!'
DEBUG:root:hhz/125/9/1/1/0/16 b'1'
DEBUG:root:hhz/125/9/1/1/0/16 b'0'
DEBUG:root:hhz/125/1/1/1/0/16 b'0'
DEBUG:root:Bewegung erkannt...
DEBUG:root:Received reply: b'No Image saved!'
DEBUG:root:hhz/125/13/1/1/0/16 b'1'
DEBUG:root:hhz/125/9/1/1/0/16 b'1'
DEBUG:root:hhz/125/9/1/1/0/16 b'0'
DEBUG:root:hhz/125/13/1/1/0/16 b'0'
DEBUG:root:hhz/125/9/1/1/0/16 b'1'
DEBUG:root:hhz/125/1/1/1/0/16 b'1'
DEBUG:root:Bewegung erkannt...
DEBUG:root:Received reply: b'No Image saved!'
